#
# There is insufficient memory for the Java Runtime Environment to continue.
# Native memory allocation (malloc) failed to allocate 1522416 bytes for Chunk::new
# Possible reasons:
#   The system is out of physical RAM or swap space
#   In 32 bit mode, the process size limit was hit
# Possible solutions:
#   Reduce memory load on the system
#   Increase physical memory or swap space
#   Check if swap backing store is full
#   Use 64 bit Java on a 64 bit OS
#   Decrease Java heap size (-Xmx/-Xms)
#   Decrease number of Java threads
#   Decrease Java thread stack sizes (-Xss)
#   Set larger code cache with -XX:ReservedCodeCacheSize=
# This output file may be truncated or incomplete.
#
#  Out of Memory Error (allocation.cpp:390), pid=6404, tid=0x000000000000398c
#
# JRE version: OpenJDK Runtime Environment (8.0_152-b01) (build 1.8.0_152-release-1248-b01)
# Java VM: OpenJDK 64-Bit Server VM (25.152-b01 mixed mode windows-amd64 compressed oops)
# Failed to write core dump. Minidumps are not enabled by default on client versions of Windows
#

---------------  T H R E A D  ---------------

Current thread (0x000000001891a000):  JavaThread "C2 CompilerThread0" daemon [_thread_in_native, id=14732, stack(0x000000001a090000,0x000000001a190000)]

Stack: [0x000000001a090000,0x000000001a190000]
[error occurred during error reporting (printing stack bounds), id 0xc0000005]

Native frames: (J=compiled Java code, j=interpreted, Vv=VM code, C=native code)


Current CompileTask:
C2: 118933 17721 %     4       com.android.tools.r8.ir.regalloc.LinearScanRegisterAllocator::computeDebugInfo @ 1064 (1379 bytes)


---------------  P R O C E S S  ---------------

Java Threads: ( => current thread )
  0x000000001f1bb800 JavaThread "RMI TCP Connection(idle)" daemon [_thread_blocked, id=8044, stack(0x0000000029990000,0x0000000029a90000)]
  0x000000001f1bb000 JavaThread "RMI RenewClean-[127.0.0.1:17580,org.jetbrains.kotlin.daemon.common.LoopbackNetworkInterface$ClientLoopbackSocketFactory@7943c4d8]" daemon [_thread_in_native, id=3088, stack(0x0000000029890000,0x0000000029990000)]
  0x000000001f1b3800 JavaThread "RMI TCP Connection(5)-127.0.0.1" daemon [_thread_in_native, id=15352, stack(0x0000000029790000,0x0000000029890000)]
  0x000000001f1bd000 JavaThread "stdout" daemon [_thread_in_native, id=6380, stack(0x0000000029390000,0x0000000029490000)]
  0x000000001f1be800 JavaThread "stderr" daemon [_thread_in_native, id=1156, stack(0x0000000029290000,0x0000000029390000)]
  0x000000001f1be000 JavaThread "stdout" daemon [_thread_in_native, id=14960, stack(0x0000000029190000,0x0000000029290000)]
  0x000000001f1b5000 JavaThread "stderr" daemon [_thread_in_native, id=11372, stack(0x0000000029090000,0x0000000029190000)]
  0x000000001f1b4000 JavaThread "stdout" daemon [_thread_in_native, id=15184, stack(0x0000000028f90000,0x0000000029090000)]
  0x000000001f1b2800 JavaThread "stderr" daemon [_thread_in_native, id=3476, stack(0x0000000028e90000,0x0000000028f90000)]
  0x000000001f1b9800 JavaThread "pool-2-thread-1" [_thread_blocked, id=14604, stack(0x0000000028d90000,0x0000000028e90000)]
  0x000000001f1b8800 JavaThread "MarlinRenderer Disposer" daemon [_thread_blocked, id=7268, stack(0x0000000028c90000,0x0000000028d90000)]
  0x000000001f1b6800 JavaThread "Java2D Disposer" daemon [_thread_blocked, id=6140, stack(0x0000000028b90000,0x0000000028c90000)]
  0x000000001f70e000 JavaThread "Cache worker for Java compile cache (E:\Android_Code\ippon\.gradle\4.10.1\javaCompile)" [_thread_blocked, id=13752, stack(0x0000000026ea0000,0x0000000026fa0000)]
  0x000000001f700800 JavaThread "Cache worker for Java compile cache (C:\Users\vlsv__000\.gradle\caches\4.10.1\javaCompile)" [_thread_blocked, id=11460, stack(0x0000000026da0000,0x0000000026ea0000)]
  0x000000001f709800 JavaThread "RMI TCP Connection(idle)" daemon [_thread_blocked, id=5708, stack(0x00000000269d0000,0x0000000026ad0000)]
  0x000000001f709000 JavaThread "RMI Reaper" [_thread_blocked, id=16136, stack(0x00000000268d0000,0x00000000269d0000)]
  0x000000001f70b000 JavaThread "RMI TCP Accept-0" daemon [_thread_in_native, id=11840, stack(0x00000000267d0000,0x00000000268d0000)]
  0x000000001f708000 JavaThread "GC Daemon" daemon [_thread_blocked, id=5236, stack(0x00000000266d0000,0x00000000267d0000)]
  0x000000001f707800 JavaThread "RMI Scheduler(0)" daemon [_thread_blocked, id=7308, stack(0x00000000264d0000,0x00000000265d0000)]
  0x000000001f700000 JavaThread "Cache worker for Build Output Cleanup Cache (E:\Android_Code\ippon\.gradle\buildOutputCleanup)" [_thread_blocked, id=5084, stack(0x0000000025ed0000,0x0000000025fd0000)]
  0x000000001f706800 JavaThread "Cache worker for task history cache (E:\Android_Code\ippon\.gradle\4.10.1\taskHistory)" [_thread_blocked, id=10664, stack(0x0000000025dd0000,0x0000000025ed0000)]
  0x000000001f6ff000 JavaThread "Task worker for ':' Thread 3" [_thread_in_native, id=12856, stack(0x0000000025cd0000,0x0000000025dd0000)]
  0x000000001f705000 JavaThread "Task worker for ':' Thread 2" [_thread_in_Java, id=12172, stack(0x0000000025bd0000,0x0000000025cd0000)]
  0x000000001f704800 JavaThread "Task worker for ':'" [_thread_in_native, id=4548, stack(0x0000000025ad0000,0x0000000025bd0000)]
  0x000000001f702000 JavaThread "Cache worker for file content cache (E:\Android_Code\ippon\.gradle\4.10.1\fileContent)" [_thread_blocked, id=16280, stack(0x00000000257d0000,0x00000000258d0000)]
  0x000000001f706000 JavaThread "Cache worker for file content cache (C:\Users\vlsv__000\.gradle\caches\4.10.1\fileContent)" [_thread_blocked, id=14356, stack(0x00000000256d0000,0x00000000257d0000)]
  0x000000001f703800 JavaThread "Memory manager" [_thread_blocked, id=1364, stack(0x0000000023fb0000,0x00000000240b0000)]
  0x000000001d8a0000 JavaThread "Build operations Thread 4" [_thread_blocked, id=2488, stack(0x0000000023cb0000,0x0000000023db0000)]
  0x000000001d8a3800 JavaThread "Build operations Thread 3" [_thread_blocked, id=6996, stack(0x0000000023bb0000,0x0000000023cb0000)]
  0x000000001d89e800 JavaThread "Build operations Thread 2" [_thread_blocked, id=14076, stack(0x0000000023ab0000,0x0000000023bb0000)]
  0x000000001d8a4000 JavaThread "Build operations" [_thread_blocked, id=15384, stack(0x00000000239b0000,0x0000000023ab0000)]
  0x000000001d89e000 JavaThread "Cache worker for Artifact transforms cache (C:\Users\vlsv__000\.gradle\caches\transforms-1)" [_thread_blocked, id=3132, stack(0x00000000222d0000,0x00000000223d0000)]
  0x000000001d89f800 JavaThread "Cache worker for cache directory md-rule (C:\Users\vlsv__000\.gradle\caches\4.10.1\md-rule)" [_thread_blocked, id=15680, stack(0x00000000221d0000,0x00000000222d0000)]
  0x000000001d8a1000 JavaThread "Cache worker for cache directory md-supplier (C:\Users\vlsv__000\.gradle\caches\4.10.1\md-supplier)" [_thread_blocked, id=8092, stack(0x00000000220d0000,0x00000000221d0000)]
  0x000000001d8a5000 JavaThread "Cache worker for journal cache (C:\Users\vlsv__000\.gradle\caches\journal-1)" [_thread_blocked, id=15744, stack(0x000000001e6b0000,0x000000001e7b0000)]
  0x000000001d77c000 JavaThread "Cache worker for file hash cache (E:\Android_Code\ippon\.gradle\4.10.1\fileHashes)" [_thread_blocked, id=2416, stack(0x000000001e5b0000,0x000000001e6b0000)]
  0x000000001c0f3000 JavaThread "File lock request listener" [_thread_in_native, id=15672, stack(0x000000001e4b0000,0x000000001e5b0000)]
  0x000000001d77d000 JavaThread "Cache worker for file hash cache (C:\Users\vlsv__000\.gradle\caches\4.10.1\fileHashes)" [_thread_blocked, id=2560, stack(0x000000001e3b0000,0x000000001e4b0000)]
  0x000000001ba56000 JavaThread "Asynchronous log dispatcher for DefaultDaemonConnection: socket connection from /127.0.0.1:50408 to /127.0.0.1:50409" [_thread_blocked, id=1480, stack(0x000000001cfe0000,0x000000001d0e0000)]
  0x000000001bade000 JavaThread "Daemon worker" [_thread_in_Java, id=12424, stack(0x000000001cce0000,0x000000001cde0000)]
  0x000000001badd000 JavaThread "Cancel handler" [_thread_blocked, id=2400, stack(0x000000001cbe0000,0x000000001cce0000)]
  0x000000001bbca000 JavaThread "Handler for socket connection from /127.0.0.1:50408 to /127.0.0.1:50409" [_thread_in_native, id=11756, stack(0x000000001cae0000,0x000000001cbe0000)]
  0x000000001bbc9800 JavaThread "Daemon" [_thread_blocked, id=14808, stack(0x000000001c9e0000,0x000000001cae0000)]
  0x000000001b8d6000 JavaThread "Daemon periodic checks" [_thread_blocked, id=1360, stack(0x000000001c8e0000,0x000000001c9e0000)]
  0x000000001bbe1000 JavaThread "Incoming local TCP Connector on port 50408" [_thread_in_native, id=5288, stack(0x000000001c6a0000,0x000000001c7a0000)]
  0x000000001897e800 JavaThread "Service Thread" daemon [_thread_blocked, id=15720, stack(0x000000001a790000,0x000000001a890000)]
  0x0000000018921800 JavaThread "C1 CompilerThread2" daemon [_thread_blocked, id=6104, stack(0x000000001a290000,0x000000001a390000)]
  0x000000001891e000 JavaThread "C2 CompilerThread1" daemon [_thread_in_native, id=9212, stack(0x000000001a190000,0x000000001a290000)]
=>0x000000001891a000 JavaThread "C2 CompilerThread0" daemon [_thread_in_native, id=14732, stack(0x000000001a090000,0x000000001a190000)]
  0x0000000018918800 JavaThread "Attach Listener" daemon [_thread_blocked, id=8308, stack(0x0000000019f90000,0x000000001a090000)]
  0x0000000018925000 JavaThread "Signal Dispatcher" daemon [_thread_blocked, id=16036, stack(0x0000000019e90000,0x0000000019f90000)]
  0x0000000004fab800 JavaThread "Finalizer" daemon [_thread_blocked, id=3520, stack(0x0000000019b90000,0x0000000019c90000)]
  0x0000000004fa0800 JavaThread "Reference Handler" daemon [_thread_blocked, id=12700, stack(0x0000000019a90000,0x0000000019b90000)]
  0x0000000004eae000 JavaThread "main" [_thread_blocked, id=6244, stack(0x0000000004d10000,0x0000000004e10000)]

Other Threads:
  0x00000000188e7000 VMThread [stack: 0x0000000019990000,0x0000000019a90000] [id=13528]
  0x000000001a3ba800 WatcherThread [stack: 0x000000001a890000,0x000000001a990000] [id=12728]

VM state:not at safepoint (normal execution)

VM Mutex/Monitor currently owned by a thread: None

Heap:
 PSYoungGen      total 487424K, used 259959K [0x00000000e0000000, 0x0000000100000000, 0x0000000100000000)
  eden space 453632K, 52% used [0x00000000e0000000,0x00000000ee726d30,0x00000000fbb00000)
  from space 33792K, 68% used [0x00000000fdf00000,0x00000000ff5b71b0,0x0000000100000000)
  to   space 35328K, 0% used [0x00000000fbb00000,0x00000000fbb00000,0x00000000fdd80000)
 ParOldGen       total 251904K, used 174550K [0x00000000a0000000, 0x00000000af600000, 0x00000000e0000000)
  object space 251904K, 69% used [0x00000000a0000000,0x00000000aaa75998,0x00000000af600000)
 Metaspace       used 90358K, capacity 93602K, committed 93720K, reserved 1130496K
  class space    used 11538K, capacity 12226K, committed 12336K, reserved 1048576K

Card table byte_map: [0x0000000014370000,0x0000000014680000] byte_map_base: 0x0000000013e70000

Marking Bits: (ParMarkBitMap*) 0x0000000056775aa0
 Begin Bits: [0x0000000014c80000, 0x0000000016480000)
 End Bits:   [0x0000000016480000, 0x0000000017c80000)

Polling page: 0x00000000030e0000

CodeCache: size=245760Kb used=50587Kb max_used=50587Kb free=195172Kb
 bounds [0x0000000004fb0000, 0x0000000008150000, 0x0000000013fb0000]
 total_blobs=16349 nmethods=15357 adapters=901
 compilation: enabled

Compilation events (10 events):
Event: 118.878 Thread 0x0000000018921800 18041       2       com.android.tools.r8.graph.ClassKind$$Lambda$389/299972425::accept (16 bytes)
Event: 118.879 Thread 0x0000000018921800 nmethod 18041 0x000000000814cd90 code [0x000000000814cf00, 0x000000000814d0a8]
Event: 118.879 Thread 0x0000000018921800 18042       2       com.android.tools.r8.dex.ApplicationReader$ClassReader$$Lambda$385/2030521048::accept (14 bytes)
Event: 118.879 Thread 0x0000000018921800 nmethod 18042 0x000000000814d190 code [0x000000000814d300, 0x000000000814d4a8]
Event: 118.879 Thread 0x0000000018921800 18043       2       com.android.tools.r8.dex.ApplicationReader$ClassReader$$Lambda$392/459615451::call (16 bytes)
Event: 118.879 Thread 0x0000000018921800 nmethod 18043 0x000000000814d550 code [0x000000000814d6c0, 0x000000000814d848]
Event: 118.880 Thread 0x0000000018921800 18044       2       java.util.concurrent.ConcurrentLinkedQueue$Itr::next (20 bytes)
Event: 118.880 Thread 0x0000000018921800 nmethod 18044 0x000000000814d8d0 code [0x000000000814da40, 0x000000000814dc58]
Event: 118.880 Thread 0x0000000018921800 18045  s    2       com.android.tools.r8.graph.DexApplication$Builder::addProgramClass (16 bytes)
Event: 118.881 Thread 0x0000000018921800 nmethod 18045 0x000000000814dd50 code [0x000000000814dec0, 0x000000000814e1d8]

GC Heap History (10 events):
Event: 40.408 GC heap before
{Heap before GC invocations=31 (full 5):
 PSYoungGen      total 479744K, used 452938K [0x00000000e0000000, 0x00000000fff80000, 0x0000000100000000)
  eden space 439296K, 100% used [0x00000000e0000000,0x00000000fad00000,0x00000000fad00000)
  from space 40448K, 33% used [0x00000000fad00000,0x00000000fba52a58,0x00000000fd480000)
  to   space 38912K, 0% used [0x00000000fd980000,0x00000000fd980000,0x00000000fff80000)
 ParOldGen       total 251904K, used 128072K [0x00000000a0000000, 0x00000000af600000, 0x00000000e0000000)
  object space 251904K, 50% used [0x00000000a0000000,0x00000000a7d12078,0x00000000af600000)
 Metaspace       used 74484K, capacity 76568K, committed 76696K, reserved 1116160K
  class space    used 9893K, capacity 10376K, committed 10416K, reserved 1048576K
Event: 40.417 GC heap after
Heap after GC invocations=31 (full 5):
 PSYoungGen      total 479744K, used 11606K [0x00000000e0000000, 0x00000000ffb80000, 0x0000000100000000)
  eden space 444928K, 0% used [0x00000000e0000000,0x00000000e0000000,0x00000000fb280000)
  from space 34816K, 33% used [0x00000000fd980000,0x00000000fe4d5a08,0x00000000ffb80000)
  to   space 37376K, 0% used [0x00000000fb280000,0x00000000fb280000,0x00000000fd700000)
 ParOldGen       total 251904K, used 141350K [0x00000000a0000000, 0x00000000af600000, 0x00000000e0000000)
  object space 251904K, 56% used [0x00000000a0000000,0x00000000a8a09800,0x00000000af600000)
 Metaspace       used 74484K, capacity 76568K, committed 76696K, reserved 1116160K
  class space    used 9893K, capacity 10376K, committed 10416K, reserved 1048576K
}
Event: 40.751 GC heap before
{Heap before GC invocations=32 (full 5):
 PSYoungGen      total 479744K, used 456534K [0x00000000e0000000, 0x00000000ffb80000, 0x0000000100000000)
  eden space 444928K, 100% used [0x00000000e0000000,0x00000000fb280000,0x00000000fb280000)
  from space 34816K, 33% used [0x00000000fd980000,0x00000000fe4d5a08,0x00000000ffb80000)
  to   space 37376K, 0% used [0x00000000fb280000,0x00000000fb280000,0x00000000fd700000)
 ParOldGen       total 251904K, used 141350K [0x00000000a0000000, 0x00000000af600000, 0x00000000e0000000)
  object space 251904K, 56% used [0x00000000a0000000,0x00000000a8a09800,0x00000000af600000)
 Metaspace       used 74502K, capacity 76568K, committed 76696K, reserved 1116160K
  class space    used 9893K, capacity 10376K, committed 10416K, reserved 1048576K
Event: 40.759 GC heap after
Heap after GC invocations=32 (full 5):
 PSYoungGen      total 482304K, used 10866K [0x00000000e0000000, 0x0000000100000000, 0x0000000100000000)
  eden space 444928K, 0% used [0x00000000e0000000,0x00000000e0000000,0x00000000fb280000)
  from space 37376K, 29% used [0x00000000fb280000,0x00000000fbd1ca40,0x00000000fd700000)
  to   space 36352K, 0% used [0x00000000fdc80000,0x00000000fdc80000,0x0000000100000000)
 ParOldGen       total 251904K, used 152472K [0x00000000a0000000, 0x00000000af600000, 0x00000000e0000000)
  object space 251904K, 60% used [0x00000000a0000000,0x00000000a94e62a0,0x00000000af600000)
 Metaspace       used 74502K, capacity 76568K, committed 76696K, reserved 1116160K
  class space    used 9893K, capacity 10376K, committed 10416K, reserved 1048576K
}
Event: 41.215 GC heap before
{Heap before GC invocations=33 (full 5):
 PSYoungGen      total 482304K, used 455794K [0x00000000e0000000, 0x0000000100000000, 0x0000000100000000)
  eden space 444928K, 100% used [0x00000000e0000000,0x00000000fb280000,0x00000000fb280000)
  from space 37376K, 29% used [0x00000000fb280000,0x00000000fbd1ca40,0x00000000fd700000)
  to   space 36352K, 0% used [0x00000000fdc80000,0x00000000fdc80000,0x0000000100000000)
 ParOldGen       total 251904K, used 152472K [0x00000000a0000000, 0x00000000af600000, 0x00000000e0000000)
  object space 251904K, 60% used [0x00000000a0000000,0x00000000a94e62a0,0x00000000af600000)
 Metaspace       used 74555K, capacity 76632K, committed 76952K, reserved 1116160K
  class space    used 9893K, capacity 10376K, committed 10416K, reserved 1048576K
Event: 41.226 GC heap after
Heap after GC invocations=33 (full 5):
 PSYoungGen      total 482816K, used 11969K [0x00000000e0000000, 0x00000000ffc00000, 0x0000000100000000)
  eden space 450560K, 0% used [0x00000000e0000000,0x00000000e0000000,0x00000000fb800000)
  from space 32256K, 37% used [0x00000000fdc80000,0x00000000fe830648,0x00000000ffc00000)
  to   space 34816K, 0% used [0x00000000fb800000,0x00000000fb800000,0x00000000fda00000)
 ParOldGen       total 251904K, used 163005K [0x00000000a0000000, 0x00000000af600000, 0x00000000e0000000)
  object space 251904K, 64% used [0x00000000a0000000,0x00000000a9f2f7f8,0x00000000af600000)
 Metaspace       used 74555K, capacity 76632K, committed 76952K, reserved 1116160K
  class space    used 9893K, capacity 10376K, committed 10416K, reserved 1048576K
}
Event: 68.450 GC heap before
{Heap before GC invocations=34 (full 5):
 PSYoungGen      total 482816K, used 462529K [0x00000000e0000000, 0x00000000ffc00000, 0x0000000100000000)
  eden space 450560K, 100% used [0x00000000e0000000,0x00000000fb800000,0x00000000fb800000)
  from space 32256K, 37% used [0x00000000fdc80000,0x00000000fe830648,0x00000000ffc00000)
  to   space 34816K, 0% used [0x00000000fb800000,0x00000000fb800000,0x00000000fda00000)
 ParOldGen       total 251904K, used 163005K [0x00000000a0000000, 0x00000000af600000, 0x00000000e0000000)
  object space 251904K, 64% used [0x00000000a0000000,0x00000000a9f2f7f8,0x00000000af600000)
 Metaspace       used 78754K, capacity 80846K, committed 81176K, reserved 1120256K
  class space    used 10300K, capacity 10782K, committed 10800K, reserved 1048576K
Event: 68.464 GC heap after
Heap after GC invocations=34 (full 5):
 PSYoungGen      total 485376K, used 8368K [0x00000000e0000000, 0x0000000100000000, 0x0000000100000000)
  eden space 450560K, 0% used [0x00000000e0000000,0x00000000e0000000,0x00000000fb800000)
  from space 34816K, 24% used [0x00000000fb800000,0x00000000fc02c1e8,0x00000000fda00000)
  to   space 33792K, 0% used [0x00000000fdf00000,0x00000000fdf00000,0x0000000100000000)
 ParOldGen       total 251904K, used 174542K [0x00000000a0000000, 0x00000000af600000, 0x00000000e0000000)
  object space 251904K, 69% used [0x00000000a0000000,0x00000000aaa73998,0x00000000af600000)
 Metaspace       used 78754K, capacity 80846K, committed 81176K, reserved 1120256K
  class space    used 10300K, capacity 10782K, committed 10800K, reserved 1048576K
}
Event: 116.934 GC heap before
{Heap before GC invocations=35 (full 5):
 PSYoungGen      total 485376K, used 458928K [0x00000000e0000000, 0x0000000100000000, 0x0000000100000000)
  eden space 450560K, 100% used [0x00000000e0000000,0x00000000fb800000,0x00000000fb800000)
  from space 34816K, 24% used [0x00000000fb800000,0x00000000fc02c1e8,0x00000000fda00000)
  to   space 33792K, 0% used [0x00000000fdf00000,0x00000000fdf00000,0x0000000100000000)
 ParOldGen       total 251904K, used 174542K [0x00000000a0000000, 0x00000000af600000, 0x00000000e0000000)
  object space 251904K, 69% used [0x00000000a0000000,0x00000000aaa73998,0x00000000af600000)
 Metaspace       used 90046K, capacity 93358K, committed 93720K, reserved 1130496K
  class space    used 11534K, capacity 12222K, committed 12336K, reserved 1048576K
Event: 116.981 GC heap after
Heap after GC invocations=35 (full 5):
 PSYoungGen      total 487424K, used 23260K [0x00000000e0000000, 0x0000000100000000, 0x0000000100000000)
  eden space 453632K, 0% used [0x00000000e0000000,0x00000000e0000000,0x00000000fbb00000)
  from space 33792K, 68% used [0x00000000fdf00000,0x00000000ff5b71b0,0x0000000100000000)
  to   space 35328K, 0% used [0x00000000fbb00000,0x00000000fbb00000,0x00000000fdd80000)
 ParOldGen       total 251904K, used 174550K [0x00000000a0000000, 0x00000000af600000, 0x00000000e0000000)
  object space 251904K, 69% used [0x00000000a0000000,0x00000000aaa75998,0x00000000af600000)
 Metaspace       used 90046K, capacity 93358K, committed 93720K, reserved 1130496K
  class space    used 11534K, capacity 12222K, committed 12336K, reserved 1048576K
}

Deoptimization events (10 events):
Event: 117.094 Thread 0x000000001f705000 Uncommon trap: reason=unstable_if action=reinterpret pc=0x0000000007de34dc method=com.android.tools.r8.ir.conversion.JarSourceCode.buildInstruction(Lcom/android/tools/r8/ir/conversion/IRBuilder;IZ)V @ 3
Event: 117.404 Thread 0x000000001f704800 Uncommon trap: reason=unstable_if action=reinterpret pc=0x0000000007fd86a4 method=com.android.tools.r8.ir.conversion.JarSourceCode.getTryHandlers(Lcom/android/tools/r8/org/objectweb/asm/tree/AbstractInsnNode;)Ljava/util/List; @ 80
Event: 117.619 Thread 0x000000001f705000 Uncommon trap: reason=unstable_if action=reinterpret pc=0x0000000007b75780 method=com.android.tools.r8.ir.conversion.JarState$Slot.isCategory1(Lcom/android/tools/r8/org/objectweb/asm/Type;)Z @ 11
Event: 117.619 Thread 0x000000001f705000 Uncommon trap: reason=unstable_if action=reinterpret pc=0x0000000007aba8e8 method=com.android.tools.r8.ir.conversion.JarState$Slot.isCategory1(Lcom/android/tools/r8/org/objectweb/asm/Type;)Z @ 11
Event: 117.619 Thread 0x000000001f705000 Uncommon trap: reason=unstable_if action=reinterpret pc=0x0000000007b39fb8 method=com.android.tools.r8.ir.conversion.JarState$Slot.isCategory1(Lcom/android/tools/r8/org/objectweb/asm/Type;)Z @ 11
Event: 117.620 Thread 0x000000001f705000 Uncommon trap: reason=unstable_if action=reinterpret pc=0x0000000007b78adc method=com.android.tools.r8.ir.code.ValueType.isWide()Z @ 11
Event: 118.134 Thread 0x000000001bade000 Uncommon trap: reason=unstable_if action=reinterpret pc=0x0000000005785168 method=org.objectweb.asm.MethodWriter.visitParameterAnnotation(ILjava/lang/String;Z)Lorg/objectweb/asm/AnnotationVisitor; @ 15
Event: 118.562 Thread 0x000000001f705000 Uncommon trap: reason=unstable_if action=reinterpret pc=0x0000000007b9ff28 method=com.android.tools.r8.ir.code.ValueType.isWide()Z @ 11
Event: 118.597 Thread 0x000000001f705000 Uncommon trap: reason=class_check action=maybe_recompile pc=0x00000000080f3fa4 method=com.android.tools.r8.ir.conversion.JarState.mergeStacks(Lcom/android/tools/r8/com/google/common/collect/ImmutableList;Lcom/android/tools/r8/com/google/common/collect/Imm
Event: 118.597 Thread 0x000000001f705000 Uncommon trap: reason=class_check action=maybe_recompile pc=0x00000000080f3fa4 method=com.android.tools.r8.ir.conversion.JarState.mergeStacks(Lcom/android/tools/r8/com/google/common/collect/ImmutableList;Lcom/android/tools/r8/com/google/common/collect/Imm

Classes redefined (0 events):
No events

Internal exceptions (10 events):
Event: 118.324 Thread 0x000000001bade000 Exception <a 'sun/nio/fs/WindowsException'> (0x00000000ebae5610) thrown at [D:\src\AOSP-openjdk-cygwin\jdk8u\hotspot\src\share\vm\prims\jni.cpp, line 709]
Event: 118.339 Thread 0x000000001bade000 Exception <a 'sun/nio/fs/WindowsException'> (0x00000000ebdf2058) thrown at [D:\src\AOSP-openjdk-cygwin\jdk8u\hotspot\src\share\vm\prims\jni.cpp, line 709]
Event: 118.346 Thread 0x000000001f6ff000 Exception <a 'sun/nio/fs/WindowsException'> (0x00000000ebbe5058) thrown at [D:\src\AOSP-openjdk-cygwin\jdk8u\hotspot\src\share\vm\prims\jni.cpp, line 709]
Event: 118.390 Thread 0x000000001f6ff000 Exception <a 'sun/nio/fs/WindowsException'> (0x00000000ec425a08) thrown at [D:\src\AOSP-openjdk-cygwin\jdk8u\hotspot\src\share\vm\prims\jni.cpp, line 709]
Event: 118.400 Thread 0x000000001bade000 Exception <a 'sun/nio/fs/WindowsException'> (0x00000000ec574570) thrown at [D:\src\AOSP-openjdk-cygwin\jdk8u\hotspot\src\share\vm\prims\jni.cpp, line 709]
Event: 118.428 Thread 0x000000001bade000 Exception <a 'sun/nio/fs/WindowsException'> (0x00000000ec825e78) thrown at [D:\src\AOSP-openjdk-cygwin\jdk8u\hotspot\src\share\vm\prims\jni.cpp, line 709]
Event: 118.463 Thread 0x000000001f6ff000 Exception <a 'sun/nio/fs/WindowsException'> (0x00000000ec9715b0) thrown at [D:\src\AOSP-openjdk-cygwin\jdk8u\hotspot\src\share\vm\prims\jni.cpp, line 709]
Event: 118.505 Thread 0x000000001f6ff000 Exception <a 'sun/nio/fs/WindowsException'> (0x00000000ecf9f788) thrown at [D:\src\AOSP-openjdk-cygwin\jdk8u\hotspot\src\share\vm\prims\jni.cpp, line 709]
Event: 118.520 Thread 0x000000001f705000 Exception <a 'sun/nio/fs/WindowsException'> (0x00000000ed306a70) thrown at [D:\src\AOSP-openjdk-cygwin\jdk8u\hotspot\src\share\vm\prims\jni.cpp, line 709]
Event: 118.865 Thread 0x000000001bade000 Exception <a 'sun/nio/fs/WindowsException'> (0x00000000ee05f058) thrown at [D:\src\AOSP-openjdk-cygwin\jdk8u\hotspot\src\share\vm\prims\jni.cpp, line 709]

Events (10 events):
Event: 118.134 Thread 0x000000001bade000 DEOPT UNPACKING pc=0x0000000004ff557b sp=0x000000001cddb3d8 mode 2
Event: 118.562 Thread 0x000000001f705000 Uncommon trap: trap_request=0xffffff65 fr.pc=0x0000000007b9ff28
Event: 118.562 Thread 0x000000001f705000 DEOPT PACKING pc=0x0000000007b9ff28 sp=0x0000000025ccd0a0
Event: 118.562 Thread 0x000000001f705000 DEOPT UNPACKING pc=0x0000000004ff557b sp=0x0000000025cccf88 mode 2
Event: 118.597 Thread 0x000000001f705000 Uncommon trap: trap_request=0xffffffde fr.pc=0x00000000080f3fa4
Event: 118.597 Thread 0x000000001f705000 DEOPT PACKING pc=0x00000000080f3fa4 sp=0x0000000025cccdf0
Event: 118.597 Thread 0x000000001f705000 DEOPT UNPACKING pc=0x0000000004ff557b sp=0x0000000025cccd80 mode 2
Event: 118.597 Thread 0x000000001f705000 Uncommon trap: trap_request=0xffffffde fr.pc=0x00000000080f3fa4
Event: 118.597 Thread 0x000000001f705000 DEOPT PACKING pc=0x00000000080f3fa4 sp=0x0000000025cccdf0
Event: 118.597 Thread 0x000000001f705000 DEOPT UNPACKING pc=0x0000000004ff557b sp=0x0000000025cccd80 mode 2


Dynamic libraries:
0x00007ff764720000 - 0x00007ff764751000 	C:\Program Files\Android\Android Studio\jre\bin\java.exe
0x00007ffcaf490000 - 0x00007ffcaf670000 	C:\Windows\SYSTEM32\ntdll.dll
0x00007ffcaeb00000 - 0x00007ffcaebae000 	C:\Windows\System32\KERNEL32.DLL
0x00007ffcabc80000 - 0x00007ffcabee6000 	C:\Windows\System32\KERNELBASE.dll
0x00007ffcac960000 - 0x00007ffcaca01000 	C:\Windows\System32\ADVAPI32.dll
0x00007ffcaf3c0000 - 0x00007ffcaf45d000 	C:\Windows\System32\msvcrt.dll
0x00007ffcad610000 - 0x00007ffcad66b000 	C:\Windows\System32\sechost.dll
0x00007ffcad470000 - 0x00007ffcad58f000 	C:\Windows\System32\RPCRT4.dll
0x00007ffcaee30000 - 0x00007ffcaefbf000 	C:\Windows\System32\USER32.dll
0x00007ffcac170000 - 0x00007ffcac190000 	C:\Windows\System32\win32u.dll
0x00007ffcaeab0000 - 0x00007ffcaead8000 	C:\Windows\System32\GDI32.dll
0x00007ffcaba40000 - 0x00007ffcabbd3000 	C:\Windows\System32\gdi32full.dll
0x00007ffcabbe0000 - 0x00007ffcabc7b000 	C:\Windows\System32\msvcp_win.dll
0x00007ffcab890000 - 0x00007ffcab985000 	C:\Windows\System32\ucrtbase.dll
0x00007ffc94830000 - 0x00007ffc94a99000 	C:\Windows\WinSxS\amd64_microsoft.windows.common-controls_6595b64144ccf1df_6.0.16299.665_none_15cbd8769361ff10\COMCTL32.dll
0x00007ffcacef0000 - 0x00007ffcad1f7000 	C:\Windows\System32\combase.dll
0x00007ffcac8e0000 - 0x00007ffcac952000 	C:\Windows\System32\bcryptPrimitives.dll
0x00007ffcace60000 - 0x00007ffcace8d000 	C:\Windows\System32\IMM32.DLL
0x0000000055ed0000 - 0x0000000055fa2000 	C:\Program Files\Android\Android Studio\jre\jre\bin\msvcr100.dll
0x0000000055fb0000 - 0x00000000567f1000 	C:\Program Files\Android\Android Studio\jre\jre\bin\server\jvm.dll
0x00007ffcad200000 - 0x00007ffcad208000 	C:\Windows\System32\PSAPI.DLL
0x00007ffca95b0000 - 0x00007ffca95d3000 	C:\Windows\SYSTEM32\WINMM.dll
0x00007ffc956d0000 - 0x00007ffc956d9000 	C:\Windows\SYSTEM32\WSOCK32.dll
0x00007ffca0ec0000 - 0x00007ffca0eca000 	C:\Windows\SYSTEM32\VERSION.dll
0x00007ffcaefd0000 - 0x00007ffcaf03c000 	C:\Windows\System32\WS2_32.dll
0x00007ffca9550000 - 0x00007ffca957a000 	C:\Windows\SYSTEM32\WINMMBASE.dll
0x00007ffcab9f0000 - 0x00007ffcaba3a000 	C:\Windows\System32\cfgmgr32.dll
0x00007ffca8400000 - 0x00007ffca840f000 	C:\Program Files\Android\Android Studio\jre\jre\bin\verify.dll
0x00007ffc98e80000 - 0x00007ffc98ea9000 	C:\Program Files\Android\Android Studio\jre\jre\bin\java.dll
0x00007ffc8f8d0000 - 0x00007ffc8f8e6000 	C:\Program Files\Android\Android Studio\jre\jre\bin\zip.dll
0x00007ffcad670000 - 0x00007ffcaeaa8000 	C:\Windows\System32\SHELL32.dll
0x00007ffcaf040000 - 0x00007ffcaf0e6000 	C:\Windows\System32\shcore.dll
0x00007ffcac190000 - 0x00007ffcac8d7000 	C:\Windows\System32\windows.storage.dll
0x00007ffcace90000 - 0x00007ffcacee1000 	C:\Windows\System32\shlwapi.dll
0x00007ffcab850000 - 0x00007ffcab861000 	C:\Windows\System32\kernel.appcore.dll
0x00007ffcab7e0000 - 0x00007ffcab82c000 	C:\Windows\System32\powrprof.dll
0x00007ffcab870000 - 0x00007ffcab88b000 	C:\Windows\System32\profapi.dll
0x00007ffc8ef60000 - 0x00007ffc8ef7a000 	C:\Program Files\Android\Android Studio\jre\jre\bin\net.dll
0x00007ffcab010000 - 0x00007ffcab076000 	C:\Windows\system32\mswsock.dll
0x00007ffc8e8f0000 - 0x00007ffc8e901000 	C:\Program Files\Android\Android Studio\jre\jre\bin\nio.dll
0x00007ffc9a3c0000 - 0x00007ffc9a3de000 	C:\Users\vlsv__000\.gradle\native\25\windows-amd64\native-platform.dll
0x00007ffca83b0000 - 0x00007ffca83bd000 	C:\Program Files\Android\Android Studio\jre\jre\bin\management.dll
0x00007ffcab240000 - 0x00007ffcab257000 	C:\Windows\SYSTEM32\CRYPTSP.dll
0x00007ffcaac10000 - 0x00007ffcaac43000 	C:\Windows\system32\rsaenh.dll
0x00007ffcab340000 - 0x00007ffcab365000 	C:\Windows\SYSTEM32\bcrypt.dll
0x00007ffcab710000 - 0x00007ffcab739000 	C:\Windows\SYSTEM32\USERENV.dll
0x00007ffcab230000 - 0x00007ffcab23b000 	C:\Windows\SYSTEM32\CRYPTBASE.dll
0x00007ffcaada0000 - 0x00007ffcaadd9000 	C:\Windows\SYSTEM32\IPHLPAPI.DLL
0x00007ffcaefc0000 - 0x00007ffcaefc8000 	C:\Windows\System32\NSI.dll
0x00007ffca5af0000 - 0x00007ffca5b06000 	C:\Windows\SYSTEM32\dhcpcsvc6.DLL
0x00007ffca5ad0000 - 0x00007ffca5aea000 	C:\Windows\SYSTEM32\dhcpcsvc.DLL
0x00007ffc8f8b0000 - 0x00007ffc8f8ce000 	C:\Users\vlsv__000\AppData\Local\Temp\native-platform789083314760457535dir\native-platform.dll
0x00007ffc7ed70000 - 0x00007ffc7ef07000 	C:\Program Files\Android\Android Studio\jre\jre\bin\awt.dll
0x00007ffcaf150000 - 0x00007ffcaf215000 	C:\Windows\System32\OLEAUT32.dll
0x00007ffca8e80000 - 0x00007ffca9438000 	C:\Windows\SYSTEM32\d2d1.dll
0x00007ffcabef0000 - 0x00007ffcac0be000 	C:\Windows\System32\CRYPT32.dll
0x00007ffcab830000 - 0x00007ffcab842000 	C:\Windows\System32\MSASN1.dll
0x00007ffca9bd0000 - 0x00007ffca9c58000 	C:\Windows\SYSTEM32\apphelp.dll
0x00007ffca9fc0000 - 0x00007ffca9fea000 	C:\Windows\system32\DWMAPI.DLL
0x00007ffca9d90000 - 0x00007ffca9e25000 	C:\Windows\system32\uxtheme.dll

VM Arguments:
jvm_args: -Xmx1536m -Dfile.encoding=windows-1251 -Duser.country=RU -Duser.language=ru -Duser.variant 
java_command: org.gradle.launcher.daemon.bootstrap.GradleDaemon 4.10.1
java_class_path (initial): C:\Users\vlsv__000\.gradle\wrapper\dists\gradle-4.10.1-all\455itskqi2qtf0v2sja68alqd\gradle-4.10.1\lib\gradle-launcher-4.10.1.jar
Launcher Type: SUN_STANDARD

Environment Variables:
PATH=C:\ProgramData\Oracle\Java\javapath;C:\Program Files (x86)\NVIDIA Corporation\PhysX\Common;C:\Program Files (x86)\Intel\iCLS Client\;C:\Program Files\Intel\iCLS Client\;C:\Windows\system32;C:\Windows;C:\Windows\System32\Wbem;C:\Windows\System32\WindowsPowerShell\v1.0\;C:\Program Files\Intel\Intel(R) Management Engine Components\DAL;C:\Program Files\Intel\Intel(R) Management Engine Components\IPT;C:\Program Files (x86)\Intel\Intel(R) Management Engine Components\DAL;C:\Program Files (x86)\Intel\Intel(R) Management Engine Components\IPT;C:\Program Files (x86)\Common Files\lenovo\easyplussdk\bin;C:\Program Files (x86)\OneScript\\bin;C:\Program Files (x86)\LM4\;C:\Program Files\LM4\;C:\Users\vlsv__000\AppData\Local\Microsoft\WindowsApps;C:\Users\vlsv__000\AppData\Local\Programs\Git\cmd
USERNAME=vlsv__000
OS=Windows_NT
PROCESSOR_IDENTIFIER=Intel64 Family 6 Model 60 Stepping 3, GenuineIntel



---------------  S Y S T E M  ---------------

OS: Windows 10.0 , 64 bit Build 16299 (10.0.16299.431)

CPU:total 4 (initial active 4) (2 cores per cpu, 2 threads per core) family 6 model 60 stepping 3, cmov, cx8, fxsr, mmx, sse, sse2, sse3, ssse3, sse4.1, sse4.2, popcnt, avx, avx2, aes, clmul, erms, lzcnt, ht, tsc, tscinvbit, bmi1, bmi2

Memory: 4k page, physical 8257456k(599892k free), swap 12353456k(5504k free)

vm_info: OpenJDK 64-Bit Server VM (25.152-b01) for windows-amd64 JRE (1.8.0_152-release-1248-b01), built by "builder" with MS VC++ 10.0 (VS2010)

time: Tue Mar 12 17:59:53 2019
elapsed time: 118 seconds (0d 0h 1m 58s)

