#
# There is insufficient memory for the Java Runtime Environment to continue.
# Native memory allocation (malloc) failed to allocate 34576 bytes for Chunk::new
# Possible reasons:
#   The system is out of physical RAM or swap space
#   In 32 bit mode, the process size limit was hit
# Possible solutions:
#   Reduce memory load on the system
#   Increase physical memory or swap space
#   Check if swap backing store is full
#   Use 64 bit Java on a 64 bit OS
#   Decrease Java heap size (-Xmx/-Xms)
#   Decrease number of Java threads
#   Decrease Java thread stack sizes (-Xss)
#   Set larger code cache with -XX:ReservedCodeCacheSize=
# This output file may be truncated or incomplete.
#
#  Out of Memory Error (allocation.cpp:390), pid=13724, tid=0x00000000000025b4
#
# JRE version: OpenJDK Runtime Environment (8.0_152-b01) (build 1.8.0_152-release-1248-b01)
# Java VM: OpenJDK 64-Bit Server VM (25.152-b01 mixed mode windows-amd64 compressed oops)
# Failed to write core dump. Minidumps are not enabled by default on client versions of Windows
#

---------------  T H R E A D  ---------------

Current thread (0x000000001899e000):  JavaThread "C2 CompilerThread1" daemon [_thread_in_native, id=9652, stack(0x000000001a1f0000,0x000000001a2f0000)]

Stack: [0x000000001a1f0000,0x000000001a2f0000]
[error occurred during error reporting (printing stack bounds), id 0xc0000005]

Native frames: (J=compiled Java code, j=interpreted, Vv=VM code, C=native code)


Current CompileTask:
C2:2455174 27217   !   4       java.io.PrintWriter::newLine (66 bytes)


---------------  P R O C E S S  ---------------

Java Threads: ( => current thread )
  0x000000001bc3c800 JavaThread "ForkJoinPool.commonPool-worker-3" daemon [_thread_blocked, id=15892, stack(0x000000003b7d0000,0x000000003b8d0000)]
  0x000000001bc3d000 JavaThread "ForkJoinPool.commonPool-worker-2" daemon [_thread_blocked, id=10112, stack(0x000000003b6d0000,0x000000003b7d0000)]
  0x000000001bc3a000 JavaThread "Cache worker for Java compile cache (E:\Android_Code\ippon\.gradle\4.10.1\javaCompile)" [_thread_blocked, id=11992, stack(0x000000003b1d0000,0x000000003b2d0000)]
  0x000000001f263800 JavaThread "RMI TCP Connection(10)-127.0.0.1" daemon [_thread_in_native, id=13044, stack(0x000000003b0d0000,0x000000003b1d0000)]
  0x0000000020863000 JavaThread "Cache worker for task history cache (E:\Android_Code\ippon\.gradle\4.10.1\taskHistory)" [_thread_blocked, id=2040, stack(0x000000003a3d0000,0x000000003a4d0000)]
  0x000000001ee68800 JavaThread "Build operations Thread 4" [_thread_blocked, id=17468, stack(0x0000000039ed0000,0x0000000039fd0000)]
  0x000000001ee68000 JavaThread "Build operations Thread 3" [_thread_blocked, id=3224, stack(0x0000000039dd0000,0x0000000039ed0000)]
  0x000000001ee6a000 JavaThread "Build operations Thread 2" [_thread_blocked, id=15932, stack(0x0000000039cd0000,0x0000000039dd0000)]
  0x000000001ee67000 JavaThread "Build operations" [_thread_blocked, id=8204, stack(0x0000000039bd0000,0x0000000039cd0000)]
  0x000000001ee6c800 JavaThread "Cache worker for cache directory md-rule (C:\Users\vlsv__000\.gradle\caches\4.10.1\md-rule)" [_thread_blocked, id=17012, stack(0x0000000039ad0000,0x0000000039bd0000)]
  0x000000001ee5f000 JavaThread "Cache worker for cache directory md-supplier (C:\Users\vlsv__000\.gradle\caches\4.10.1\md-supplier)" [_thread_blocked, id=16180, stack(0x00000000399d0000,0x0000000039ad0000)]
  0x000000001ee65000 JavaThread "Cache worker for file hash cache (E:\Android_Code\ippon\.gradle\4.10.1\fileHashes)" [_thread_blocked, id=11488, stack(0x00000000398d0000,0x00000000399d0000)]
  0x000000001ee62800 JavaThread "Stdin handler" [_thread_blocked, id=6340, stack(0x00000000397d0000,0x00000000398d0000)]
  0x000000001b225800 JavaThread "Asynchronous log dispatcher for DefaultDaemonConnection: socket connection from /127.0.0.1:61438 to /127.0.0.1:61946" [_thread_blocked, id=11700, stack(0x00000000396d0000,0x00000000397d0000)]
  0x000000001b225000 JavaThread "Cancel handler" [_thread_blocked, id=15968, stack(0x00000000395d0000,0x00000000396d0000)]
  0x000000001b226800 JavaThread "Handler for socket connection from /127.0.0.1:61438 to /127.0.0.1:61946" [_thread_in_native, id=3988, stack(0x00000000394d0000,0x00000000395d0000)]
  0x000000001f259800 JavaThread "RMI TCP Connection(9)-127.0.0.1" daemon [_thread_in_native, id=4152, stack(0x00000000348d0000,0x00000000349d0000)]
  0x000000001bc36800 JavaThread "Daemon worker Thread 3" [_thread_in_native, id=9132, stack(0x0000000032cd0000,0x0000000032dd0000)]
  0x000000001bc38000 JavaThread "Daemon Thread 3" [_thread_blocked, id=14468, stack(0x00000000329d0000,0x0000000032ad0000)]
  0x000000001f260800 JavaThread "Cache worker for Java compile cache (C:\Users\vlsv__000\.gradle\caches\4.10.1\javaCompile)" [_thread_blocked, id=6928, stack(0x00000000316d0000,0x00000000317d0000)]
  0x000000001f261000 JavaThread "RMI Reaper" [_thread_blocked, id=8304, stack(0x00000000314d0000,0x00000000315d0000)]
  0x000000001f262800 JavaThread "RMI TCP Accept-0" daemon [_thread_in_native, id=16396, stack(0x00000000313d0000,0x00000000314d0000)]
  0x000000001f258800 JavaThread "GC Daemon" daemon [_thread_blocked, id=13516, stack(0x00000000312d0000,0x00000000313d0000)]
  0x000000001f25e000 JavaThread "RMI Scheduler(0)" daemon [_thread_blocked, id=7836, stack(0x00000000310d0000,0x00000000311d0000)]
  0x000000001f255000 JavaThread "MarlinRenderer Disposer" daemon [_thread_blocked, id=5708, stack(0x00000000308d0000,0x00000000309d0000)]
  0x000000001f25b000 JavaThread "Java2D Disposer" daemon [_thread_blocked, id=16860, stack(0x00000000307d0000,0x00000000308d0000)]
  0x000000001ee65800 JavaThread "Cache worker for file content cache (C:\Users\vlsv__000\.gradle\caches\4.10.1\fileContent)" [_thread_blocked, id=13156, stack(0x00000000247a0000,0x00000000248a0000)]
  0x000000001ee63800 JavaThread "Memory manager" [_thread_blocked, id=6284, stack(0x00000000246a0000,0x00000000247a0000)]
  0x000000001b224000 JavaThread "Cache worker for Artifact transforms cache (C:\Users\vlsv__000\.gradle\caches\transforms-1)" [_thread_blocked, id=10612, stack(0x00000000205f0000,0x00000000206f0000)]
  0x000000001b222000 JavaThread "Cache worker for journal cache (C:\Users\vlsv__000\.gradle\caches\journal-1)" [_thread_blocked, id=16616, stack(0x000000001faf0000,0x000000001fbf0000)]
  0x000000001e578800 JavaThread "File lock request listener" [_thread_in_native, id=10420, stack(0x000000001f8f0000,0x000000001f9f0000)]
  0x000000001c1be000 JavaThread "Cache worker for file hash cache (C:\Users\vlsv__000\.gradle\caches\4.10.1\fileHashes)" [_thread_blocked, id=16604, stack(0x000000001e210000,0x000000001e310000)]
  0x000000001ae44000 JavaThread "Daemon periodic checks" [_thread_blocked, id=15964, stack(0x000000001c940000,0x000000001ca40000)]
  0x000000001aed8000 JavaThread "Incoming local TCP Connector on port 61438" [_thread_in_native, id=8908, stack(0x000000001c700000,0x000000001c800000)]
  0x000000001a413000 JavaThread "Service Thread" daemon [_thread_blocked, id=10328, stack(0x000000001a7f0000,0x000000001a8f0000)]
  0x00000000189a1000 JavaThread "C1 CompilerThread2" daemon [_thread_blocked, id=13380, stack(0x000000001a2f0000,0x000000001a3f0000)]
=>0x000000001899e000 JavaThread "C2 CompilerThread1" daemon [_thread_in_native, id=9652, stack(0x000000001a1f0000,0x000000001a2f0000)]
  0x000000001899a000 JavaThread "C2 CompilerThread0" daemon [_thread_in_native, id=7652, stack(0x000000001a0f0000,0x000000001a1f0000)]
  0x0000000018998800 JavaThread "Attach Listener" daemon [_thread_blocked, id=11688, stack(0x0000000019ff0000,0x000000001a0f0000)]
  0x00000000189a5000 JavaThread "Signal Dispatcher" daemon [_thread_blocked, id=7964, stack(0x0000000019ef0000,0x0000000019ff0000)]
  0x0000000004f9b800 JavaThread "Finalizer" daemon [_thread_blocked, id=15768, stack(0x0000000019bf0000,0x0000000019cf0000)]
  0x0000000018968000 JavaThread "Reference Handler" daemon [_thread_blocked, id=13688, stack(0x0000000019af0000,0x0000000019bf0000)]
  0x000000000502e000 JavaThread "main" [_thread_blocked, id=14648, stack(0x0000000004d90000,0x0000000004e90000)]

Other Threads:
  0x0000000018967000 VMThread [stack: 0x00000000199f0000,0x0000000019af0000] [id=15164]
  0x000000001a41b800 WatcherThread [stack: 0x000000001a8f0000,0x000000001a9f0000] [id=15144]

VM state:not at safepoint (normal execution)

VM Mutex/Monitor currently owned by a thread: None

Heap:
 PSYoungGen      total 443904K, used 357597K [0x00000000e0000000, 0x00000000fe880000, 0x0000000100000000)
  eden space 401920K, 84% used [0x00000000e0000000,0x00000000f4bba158,0x00000000f8880000)
  from space 41984K, 42% used [0x00000000fbf80000,0x00000000fd0fd548,0x00000000fe880000)
  to   space 49152K, 0% used [0x00000000f8880000,0x00000000f8880000,0x00000000fb880000)
 ParOldGen       total 180224K, used 113912K [0x00000000a0000000, 0x00000000ab000000, 0x00000000e0000000)
  object space 180224K, 63% used [0x00000000a0000000,0x00000000a6f3e020,0x00000000ab000000)
 Metaspace       used 105739K, capacity 111044K, committed 111384K, reserved 1146880K
  class space    used 13182K, capacity 14270K, committed 14384K, reserved 1048576K

Card table byte_map: [0x00000000143f0000,0x0000000014700000] byte_map_base: 0x0000000013ef0000

Marking Bits: (ParMarkBitMap*) 0x00000000642c5aa0
 Begin Bits: [0x0000000014d00000, 0x0000000016500000)
 End Bits:   [0x0000000016500000, 0x0000000017d00000)

Polling page: 0x0000000003740000

CodeCache: size=245760Kb used=73314Kb max_used=73320Kb free=172445Kb
 bounds [0x0000000005030000, 0x0000000009830000, 0x0000000014030000]
 total_blobs=22591 nmethods=21564 adapters=937
 compilation: enabled

Compilation events (10 events):
Event: 2454.892 Thread 0x00000000189a1000 27224       3       java.lang.StackTraceElement::toString (140 bytes)
Event: 2454.894 Thread 0x00000000189a1000 nmethod 27224 0x000000000981f5d0 code [0x000000000981f900, 0x0000000009821548]
Event: 2454.894 Thread 0x00000000189a1000 27225       3       java.lang.StackTraceElement::isNativeMethod (15 bytes)
Event: 2454.894 Thread 0x00000000189a1000 nmethod 27225 0x0000000009813090 code [0x00000000098131e0, 0x0000000009813390]
Event: 2454.898 Thread 0x00000000189a1000 27226       1       java.lang.StackTraceElement::getLineNumber (5 bytes)
Event: 2454.898 Thread 0x00000000189a1000 nmethod 27226 0x0000000008550410 code [0x0000000008550560, 0x0000000008550670]
Event: 2454.898 Thread 0x00000000189a1000 27227       1       java.lang.StackTraceElement::getFileName (5 bytes)
Event: 2454.898 Thread 0x00000000189a1000 nmethod 27227 0x000000000980b8d0 code [0x000000000980ba20, 0x000000000980bb30]
Event: 2454.898 Thread 0x000000001899a000 nmethod 27216 0x0000000009825610 code [0x00000000098257a0, 0x00000000098262a8]
Event: 2454.898 Thread 0x000000001899a000 27218   !   4       java.io.PrintWriter::write (58 bytes)

GC Heap History (10 events):
Event: 2404.385 GC heap before
{Heap before GC invocations=41 (full 5):
 PSYoungGen      total 402944K, used 360960K [0x00000000e0000000, 0x00000000fd280000, 0x0000000100000000)
  eden space 360960K, 100% used [0x00000000e0000000,0x00000000f6080000,0x00000000f6080000)
  from space 41984K, 0% used [0x00000000f7400000,0x00000000f7400000,0x00000000f9d00000)
  to   space 54784K, 0% used [0x00000000f9d00000,0x00000000f9d00000,0x00000000fd280000)
 ParOldGen       total 180224K, used 113880K [0x00000000a0000000, 0x00000000ab000000, 0x00000000e0000000)
  object space 180224K, 63% used [0x00000000a0000000,0x00000000a6f36020,0x00000000ab000000)
 Metaspace       used 104972K, capacity 110220K, committed 111384K, reserved 1146880K
  class space    used 13134K, capacity 14200K, committed 14384K, reserved 1048576K
Event: 2404.400 GC heap after
Heap after GC invocations=41 (full 5):
 PSYoungGen      total 419840K, used 3936K [0x00000000e0000000, 0x00000000fe800000, 0x0000000100000000)
  eden space 365056K, 0% used [0x00000000e0000000,0x00000000e0000000,0x00000000f6480000)
  from space 54784K, 7% used [0x00000000f9d00000,0x00000000fa0d8020,0x00000000fd280000)
  to   space 57856K, 0% used [0x00000000f6480000,0x00000000f6480000,0x00000000f9d00000)
 ParOldGen       total 180224K, used 113888K [0x00000000a0000000, 0x00000000ab000000, 0x00000000e0000000)
  object space 180224K, 63% used [0x00000000a0000000,0x00000000a6f38020,0x00000000ab000000)
 Metaspace       used 104972K, capacity 110220K, committed 111384K, reserved 1146880K
  class space    used 13134K, capacity 14200K, committed 14384K, reserved 1048576K
}
Event: 2404.673 GC heap before
{Heap before GC invocations=42 (full 5):
 PSYoungGen      total 419840K, used 368105K [0x00000000e0000000, 0x00000000fe800000, 0x0000000100000000)
  eden space 365056K, 99% used [0x00000000e0000000,0x00000000f63a2598,0x00000000f6480000)
  from space 54784K, 7% used [0x00000000f9d00000,0x00000000fa0d8020,0x00000000fd280000)
  to   space 57856K, 0% used [0x00000000f6480000,0x00000000f6480000,0x00000000f9d00000)
 ParOldGen       total 180224K, used 113888K [0x00000000a0000000, 0x00000000ab000000, 0x00000000e0000000)
  object space 180224K, 63% used [0x00000000a0000000,0x00000000a6f38020,0x00000000ab000000)
 Metaspace       used 104974K, capacity 110220K, committed 111384K, reserved 1146880K
  class space    used 13134K, capacity 14200K, committed 14384K, reserved 1048576K
Event: 2404.685 GC heap after
Heap after GC invocations=42 (full 5):
 PSYoungGen      total 422912K, used 2048K [0x00000000e0000000, 0x00000000fe800000, 0x0000000100000000)
  eden space 365056K, 0% used [0x00000000e0000000,0x00000000e0000000,0x00000000f6480000)
  from space 57856K, 3% used [0x00000000f6480000,0x00000000f6680020,0x00000000f9d00000)
  to   space 54784K, 0% used [0x00000000f9d00000,0x00000000f9d00000,0x00000000fd280000)
 ParOldGen       total 180224K, used 113888K [0x00000000a0000000, 0x00000000ab000000, 0x00000000e0000000)
  object space 180224K, 63% used [0x00000000a0000000,0x00000000a6f38020,0x00000000ab000000)
 Metaspace       used 104974K, capacity 110220K, committed 111384K, reserved 1146880K
  class space    used 13134K, capacity 14200K, committed 14384K, reserved 1048576K
}
Event: 2408.082 GC heap before
{Heap before GC invocations=43 (full 5):
 PSYoungGen      total 422912K, used 367042K [0x00000000e0000000, 0x00000000fe800000, 0x0000000100000000)
  eden space 365056K, 99% used [0x00000000e0000000,0x00000000f6470a50,0x00000000f6480000)
  from space 57856K, 3% used [0x00000000f6480000,0x00000000f6680020,0x00000000f9d00000)
  to   space 54784K, 0% used [0x00000000f9d00000,0x00000000f9d00000,0x00000000fd280000)
 ParOldGen       total 180224K, used 113888K [0x00000000a0000000, 0x00000000ab000000, 0x00000000e0000000)
  object space 180224K, 63% used [0x00000000a0000000,0x00000000a6f38020,0x00000000ab000000)
 Metaspace       used 104999K, capacity 110232K, committed 111384K, reserved 1146880K
  class space    used 13136K, capacity 14202K, committed 14384K, reserved 1048576K
Event: 2408.087 GC heap after
Heap after GC invocations=43 (full 5):
 PSYoungGen      total 422400K, used 6698K [0x00000000e0000000, 0x00000000ffb80000, 0x0000000100000000)
  eden space 367616K, 0% used [0x00000000e0000000,0x00000000e0000000,0x00000000f6700000)
  from space 54784K, 12% used [0x00000000f9d00000,0x00000000fa38a918,0x00000000fd280000)
  to   space 55296K, 0% used [0x00000000f6700000,0x00000000f6700000,0x00000000f9d00000)
 ParOldGen       total 180224K, used 113896K [0x00000000a0000000, 0x00000000ab000000, 0x00000000e0000000)
  object space 180224K, 63% used [0x00000000a0000000,0x00000000a6f3a020,0x00000000ab000000)
 Metaspace       used 104999K, capacity 110232K, committed 111384K, reserved 1146880K
  class space    used 13136K, capacity 14202K, committed 14384K, reserved 1048576K
}
Event: 2436.528 GC heap before
{Heap before GC invocations=44 (full 5):
 PSYoungGen      total 422400K, used 374314K [0x00000000e0000000, 0x00000000ffb80000, 0x0000000100000000)
  eden space 367616K, 100% used [0x00000000e0000000,0x00000000f6700000,0x00000000f6700000)
  from space 54784K, 12% used [0x00000000f9d00000,0x00000000fa38a918,0x00000000fd280000)
  to   space 55296K, 0% used [0x00000000f6700000,0x00000000f6700000,0x00000000f9d00000)
 ParOldGen       total 180224K, used 113896K [0x00000000a0000000, 0x00000000ab000000, 0x00000000e0000000)
  object space 180224K, 63% used [0x00000000a0000000,0x00000000a6f3a020,0x00000000ab000000)
 Metaspace       used 105233K, capacity 110524K, committed 111384K, reserved 1146880K
  class space    used 13157K, capacity 14240K, committed 14384K, reserved 1048576K
Event: 2436.544 GC heap after
Heap after GC invocations=44 (full 5):
 PSYoungGen      total 422912K, used 12970K [0x00000000e0000000, 0x00000000ff280000, 0x0000000100000000)
  eden space 367616K, 0% used [0x00000000e0000000,0x00000000e0000000,0x00000000f6700000)
  from space 55296K, 23% used [0x00000000f6700000,0x00000000f73aa8d0,0x00000000f9d00000)
  to   space 52224K, 0% used [0x00000000fbf80000,0x00000000fbf80000,0x00000000ff280000)
 ParOldGen       total 180224K, used 113904K [0x00000000a0000000, 0x00000000ab000000, 0x00000000e0000000)
  object space 180224K, 63% used [0x00000000a0000000,0x00000000a6f3c020,0x00000000ab000000)
 Metaspace       used 105233K, capacity 110524K, committed 111384K, reserved 1146880K
  class space    used 13157K, capacity 14240K, committed 14384K, reserved 1048576K
}
Event: 2450.798 GC heap before
{Heap before GC invocations=45 (full 5):
 PSYoungGen      total 422912K, used 380399K [0x00000000e0000000, 0x00000000ff280000, 0x0000000100000000)
  eden space 367616K, 99% used [0x00000000e0000000,0x00000000f66d15a8,0x00000000f6700000)
  from space 55296K, 23% used [0x00000000f6700000,0x00000000f73aa8d0,0x00000000f9d00000)
  to   space 52224K, 0% used [0x00000000fbf80000,0x00000000fbf80000,0x00000000ff280000)
 ParOldGen       total 180224K, used 113904K [0x00000000a0000000, 0x00000000ab000000, 0x00000000e0000000)
  object space 180224K, 63% used [0x00000000a0000000,0x00000000a6f3c020,0x00000000ab000000)
 Metaspace       used 105638K, capacity 111010K, committed 111384K, reserved 1146880K
  class space    used 13173K, capacity 14267K, committed 14384K, reserved 1048576K
Event: 2450.831 GC heap after
Heap after GC invocations=45 (full 5):
 PSYoungGen      total 443904K, used 17909K [0x00000000e0000000, 0x00000000fe880000, 0x0000000100000000)
  eden space 401920K, 0% used [0x00000000e0000000,0x00000000e0000000,0x00000000f8880000)
  from space 41984K, 42% used [0x00000000fbf80000,0x00000000fd0fd548,0x00000000fe880000)
  to   space 49152K, 0% used [0x00000000f8880000,0x00000000f8880000,0x00000000fb880000)
 ParOldGen       total 180224K, used 113912K [0x00000000a0000000, 0x00000000ab000000, 0x00000000e0000000)
  object space 180224K, 63% used [0x00000000a0000000,0x00000000a6f3e020,0x00000000ab000000)
 Metaspace       used 105638K, capacity 111010K, committed 111384K, reserved 1146880K
  class space    used 13173K, capacity 14267K, committed 14384K, reserved 1048576K
}

Deoptimization events (10 events):
Event: 2454.886 Thread 0x0000000020869000 Uncommon trap: reason=class_check action=maybe_recompile pc=0x0000000007149c38 method=java.io.PrintWriter.newLine()V @ 19
Event: 2454.886 Thread 0x0000000020869000 Uncommon trap: reason=class_check action=maybe_recompile pc=0x0000000007ee2124 method=java.io.PrintWriter.write(Ljava/lang/String;II)V @ 19
Event: 2454.886 Thread 0x0000000020869000 Uncommon trap: reason=class_check action=maybe_recompile pc=0x0000000007149c38 method=java.io.PrintWriter.newLine()V @ 19
Event: 2454.886 Thread 0x0000000020869000 Uncommon trap: reason=class_check action=maybe_recompile pc=0x0000000007ee2124 method=java.io.PrintWriter.write(Ljava/lang/String;II)V @ 19
Event: 2454.886 Thread 0x0000000020869000 Uncommon trap: reason=class_check action=maybe_recompile pc=0x0000000007149c38 method=java.io.PrintWriter.newLine()V @ 19
Event: 2454.886 Thread 0x0000000020869000 Uncommon trap: reason=class_check action=maybe_recompile pc=0x0000000007edd634 method=java.io.PrintWriter.write(Ljava/lang/String;II)V @ 19
Event: 2454.892 Thread 0x0000000020869000 Uncommon trap: reason=unstable_if action=reinterpret pc=0x00000000088d14fc method=org.gradle.internal.operations.DefaultBuildOperationExecutor.execute(Lorg/gradle/internal/operations/BuildOperation;Lorg/gradle/internal/operations/BuildOperationWorker;Lorg
Event: 2454.892 Thread 0x0000000020863000 Uncommon trap: reason=unloaded action=reinterpret pc=0x00000000075150a8 method=org.gradle.cache.internal.DefaultFileLockManager$DefaultFileLock.doWriteAction(Ljava/lang/Runnable;)V @ 61
Event: 2454.895 Thread 0x000000001bc36800 Uncommon trap: reason=unstable_if action=reinterpret pc=0x00000000088d14fc method=org.gradle.internal.operations.DefaultBuildOperationExecutor.execute(Lorg/gradle/internal/operations/BuildOperation;Lorg/gradle/internal/operations/BuildOperationWorker;Lorg
Event: 2454.895 Thread 0x000000001bc36800 Uncommon trap: reason=unstable_if action=reinterpret pc=0x000000000852f8cc method=org.gradle.tooling.internal.provider.runner.ClientForwardingBuildOperationListener.adaptResult(Lorg/gradle/internal/operations/OperationFinishEvent;)Lorg/gradle/tooling/inte

Classes redefined (0 events):
No events

Internal exceptions (10 events):
Event: 2451.293 Thread 0x000000001bc3b800 Exception <a 'sun/nio/fs/WindowsException'> (0x00000000e133f318) thrown at [D:\src\AOSP-openjdk-cygwin\jdk8u\hotspot\src\share\vm\prims\jni.cpp, line 709]
Event: 2451.991 Thread 0x000000002086a800 Exception <a 'sun/nio/fs/WindowsException'> (0x00000000e8e7ac30) thrown at [D:\src\AOSP-openjdk-cygwin\jdk8u\hotspot\src\share\vm\prims\jni.cpp, line 709]
Event: 2452.132 Thread 0x0000000020869000 Exception <a 'sun/nio/fs/WindowsException'> (0x00000000e918a488) thrown at [D:\src\AOSP-openjdk-cygwin\jdk8u\hotspot\src\share\vm\prims\jni.cpp, line 709]
Event: 2454.510 Thread 0x0000000020869000 Exception <a 'sun/nio/fs/WindowsException'> (0x00000000ebe17b40) thrown at [D:\src\AOSP-openjdk-cygwin\jdk8u\hotspot\src\share\vm\prims\jni.cpp, line 709]
Event: 2454.854 Thread 0x0000000020869000 Exception <a 'java/lang/OutOfMemoryError'> (0x00000000f45dc788) thrown at [D:\src\AOSP-openjdk-cygwin\jdk8u\hotspot\src\share\vm\prims\jni.cpp, line 735]
Event: 2454.855 Thread 0x0000000020869000 Exception <a 'java/lang/reflect/InvocationTargetException'> (0x00000000f45e7c88) thrown at [D:\src\AOSP-openjdk-cygwin\jdk8u\hotspot\src\share\vm\runtime\reflection.cpp, line 1092]
Event: 2454.889 Thread 0x0000000020869000 Exception <a 'java/lang/NoSuchMethodError': <clinit>> (0x00000000f46b9f78) thrown at [D:\src\AOSP-openjdk-cygwin\jdk8u\hotspot\src\share\vm\prims\jni.cpp, line 1613]
Event: 2454.890 Thread 0x0000000020869000 Exception <a 'java/lang/NoSuchMethodError': <clinit>> (0x00000000f46c56e0) thrown at [D:\src\AOSP-openjdk-cygwin\jdk8u\hotspot\src\share\vm\prims\jni.cpp, line 1613]
Event: 2454.892 Thread 0x0000000020863000 Exception <a 'java/lang/OutOfMemoryError'> (0x00000000e8ed71a0) thrown at [D:\src\AOSP-openjdk-cygwin\jdk8u\hotspot\src\share\vm\prims\jni.cpp, line 735]
Event: 2454.894 Thread 0x0000000020869000 Exception <a 'java/lang/NoSuchMethodError': <clinit>> (0x00000000f47cc440) thrown at [D:\src\AOSP-openjdk-cygwin\jdk8u\hotspot\src\share\vm\prims\jni.cpp, line 1613]

Events (10 events):
Event: 2454.895 Thread 0x000000001bc36800 DEOPT UNPACKING pc=0x000000000507557b sp=0x0000000032dccf28 mode 2
Event: 2454.895 Thread 0x000000001bc36800 Uncommon trap: trap_request=0xffffff65 fr.pc=0x000000000852f8cc
Event: 2454.895 Thread 0x000000001bc36800 DEOPT PACKING pc=0x000000000852f8cc sp=0x0000000032dccdf0
Event: 2454.895 Thread 0x000000001bc36800 DEOPT UNPACKING pc=0x000000000507557b sp=0x0000000032dccca8 mode 2
Event: 2454.897 loading class org/gradle/internal/exceptions/Contextual
Event: 2454.897 loading class org/gradle/internal/exceptions/Contextual done
Event: 2454.898 loading class org/gradle/internal/exceptions/LocationAwareException$1
Event: 2454.898 loading class org/gradle/internal/exceptions/LocationAwareException$1 done
Event: 2454.899 loading class org/codehaus/groovy/runtime/StackTraceUtils
Event: 2454.899 loading class org/codehaus/groovy/runtime/StackTraceUtils done


Dynamic libraries:
0x00007ff6d1f10000 - 0x00007ff6d1f41000 	C:\Program Files\Android\Android Studio\jre\bin\java.exe
0x00007ffd3d5f0000 - 0x00007ffd3d7d0000 	C:\Windows\SYSTEM32\ntdll.dll
0x00007ffd3ac70000 - 0x00007ffd3ad1e000 	C:\Windows\System32\KERNEL32.DLL
0x00007ffd39af0000 - 0x00007ffd39d56000 	C:\Windows\System32\KERNELBASE.dll
0x00007ffd3bb20000 - 0x00007ffd3bbc1000 	C:\Windows\System32\ADVAPI32.dll
0x00007ffd3b500000 - 0x00007ffd3b59d000 	C:\Windows\System32\msvcrt.dll
0x00007ffd3be20000 - 0x00007ffd3be7b000 	C:\Windows\System32\sechost.dll
0x00007ffd3bc50000 - 0x00007ffd3bd6f000 	C:\Windows\System32\RPCRT4.dll
0x00007ffd3bff0000 - 0x00007ffd3c17f000 	C:\Windows\System32\USER32.dll
0x00007ffd3a7a0000 - 0x00007ffd3a7c0000 	C:\Windows\System32\win32u.dll
0x00007ffd3ac40000 - 0x00007ffd3ac68000 	C:\Windows\System32\GDI32.dll
0x00007ffd3a810000 - 0x00007ffd3a9a3000 	C:\Windows\System32\gdi32full.dll
0x00007ffd3a530000 - 0x00007ffd3a5cb000 	C:\Windows\System32\msvcp_win.dll
0x00007ffd399f0000 - 0x00007ffd39ae5000 	C:\Windows\System32\ucrtbase.dll
0x00007ffd28530000 - 0x00007ffd28799000 	C:\Windows\WinSxS\amd64_microsoft.windows.common-controls_6595b64144ccf1df_6.0.16299.665_none_15cbd8769361ff10\COMCTL32.dll
0x00007ffd3b5a0000 - 0x00007ffd3b8a7000 	C:\Windows\System32\combase.dll
0x00007ffd39d60000 - 0x00007ffd39dd2000 	C:\Windows\System32\bcryptPrimitives.dll
0x00007ffd3b170000 - 0x00007ffd3b19d000 	C:\Windows\System32\IMM32.DLL
0x0000000064490000 - 0x0000000064562000 	C:\Program Files\Android\Android Studio\jre\jre\bin\msvcr100.dll
0x0000000063b00000 - 0x0000000064341000 	C:\Program Files\Android\Android Studio\jre\jre\bin\server\jvm.dll
0x00007ffd3b420000 - 0x00007ffd3b428000 	C:\Windows\System32\PSAPI.DLL
0x00007ffd37ca0000 - 0x00007ffd37cc3000 	C:\Windows\SYSTEM32\WINMM.dll
0x00007ffd364e0000 - 0x00007ffd364e9000 	C:\Windows\SYSTEM32\WSOCK32.dll
0x00007ffd282c0000 - 0x00007ffd282ca000 	C:\Windows\SYSTEM32\VERSION.dll
0x00007ffd3aac0000 - 0x00007ffd3ab2c000 	C:\Windows\System32\WS2_32.dll
0x00007ffd37c70000 - 0x00007ffd37c9a000 	C:\Windows\SYSTEM32\WINMMBASE.dll
0x00007ffd3a7c0000 - 0x00007ffd3a80a000 	C:\Windows\System32\cfgmgr32.dll
0x00007ffd2acc0000 - 0x00007ffd2accf000 	C:\Program Files\Android\Android Studio\jre\jre\bin\verify.dll
0x00007ffd0fbc0000 - 0x00007ffd0fbe9000 	C:\Program Files\Android\Android Studio\jre\jre\bin\java.dll
0x00007ffd26590000 - 0x00007ffd265a6000 	C:\Program Files\Android\Android Studio\jre\jre\bin\zip.dll
0x00007ffd3c180000 - 0x00007ffd3d5b8000 	C:\Windows\System32\SHELL32.dll
0x00007ffd3b450000 - 0x00007ffd3b4f6000 	C:\Windows\System32\shcore.dll
0x00007ffd39de0000 - 0x00007ffd3a527000 	C:\Windows\System32\windows.storage.dll
0x00007ffd3ba00000 - 0x00007ffd3ba51000 	C:\Windows\System32\shlwapi.dll
0x00007ffd39940000 - 0x00007ffd39951000 	C:\Windows\System32\kernel.appcore.dll
0x00007ffd39980000 - 0x00007ffd399cc000 	C:\Windows\System32\powrprof.dll
0x00007ffd399d0000 - 0x00007ffd399eb000 	C:\Windows\System32\profapi.dll
0x00007ffd142d0000 - 0x00007ffd142ea000 	C:\Program Files\Android\Android Studio\jre\jre\bin\net.dll
0x00007ffd39170000 - 0x00007ffd391d6000 	C:\Windows\system32\mswsock.dll
0x00007ffd0ff70000 - 0x00007ffd0ff81000 	C:\Program Files\Android\Android Studio\jre\jre\bin\nio.dll
0x00007ffd0fa30000 - 0x00007ffd0fa4e000 	C:\Users\vlsv__000\.gradle\native\25\windows-amd64\native-platform.dll
0x00007ffd267e0000 - 0x00007ffd267ed000 	C:\Program Files\Android\Android Studio\jre\jre\bin\management.dll
0x00007ffd39340000 - 0x00007ffd39357000 	C:\Windows\SYSTEM32\CRYPTSP.dll
0x00007ffd38d70000 - 0x00007ffd38da3000 	C:\Windows\system32\rsaenh.dll
0x00007ffd394a0000 - 0x00007ffd394c5000 	C:\Windows\SYSTEM32\bcrypt.dll
0x00007ffd39870000 - 0x00007ffd39899000 	C:\Windows\SYSTEM32\USERENV.dll
0x00007ffd39330000 - 0x00007ffd3933b000 	C:\Windows\SYSTEM32\CRYPTBASE.dll
0x00007ffd38f00000 - 0x00007ffd38f39000 	C:\Windows\SYSTEM32\IPHLPAPI.DLL
0x00007ffd3b340000 - 0x00007ffd3b348000 	C:\Windows\System32\NSI.dll
0x00007ffd2fff0000 - 0x00007ffd30006000 	C:\Windows\SYSTEM32\dhcpcsvc6.DLL
0x00007ffd2ffd0000 - 0x00007ffd2ffea000 	C:\Windows\SYSTEM32\dhcpcsvc.DLL
0x00007ffd07dc0000 - 0x00007ffd07f57000 	C:\Program Files\Android\Android Studio\jre\jre\bin\awt.dll
0x00007ffd3b350000 - 0x00007ffd3b415000 	C:\Windows\System32\OLEAUT32.dll
0x00007ffd36dc0000 - 0x00007ffd37378000 	C:\Windows\SYSTEM32\d2d1.dll
0x00007ffd3a5d0000 - 0x00007ffd3a79e000 	C:\Windows\System32\CRYPT32.dll
0x00007ffd39960000 - 0x00007ffd39972000 	C:\Windows\System32\MSASN1.dll
0x00007ffd37bb0000 - 0x00007ffd37c38000 	C:\Windows\SYSTEM32\apphelp.dll
0x00007ffd38120000 - 0x00007ffd3814a000 	C:\Windows\system32\DWMAPI.DLL
0x00007ffd37ef0000 - 0x00007ffd37f85000 	C:\Windows\system32\uxtheme.dll
0x00007ffd38a70000 - 0x00007ffd38aa1000 	C:\Windows\SYSTEM32\ntmarta.dll

VM Arguments:
jvm_args: -Xmx1536m -Dfile.encoding=windows-1251 -Duser.country=RU -Duser.language=ru -Duser.variant 
java_command: org.gradle.launcher.daemon.bootstrap.GradleDaemon 4.10.1
java_class_path (initial): C:\Users\vlsv__000\.gradle\wrapper\dists\gradle-4.10.1-all\455itskqi2qtf0v2sja68alqd\gradle-4.10.1\lib\gradle-launcher-4.10.1.jar
Launcher Type: SUN_STANDARD

Environment Variables:
PATH=C:\ProgramData\Oracle\Java\javapath;C:\Program Files (x86)\NVIDIA Corporation\PhysX\Common;C:\Program Files (x86)\Intel\iCLS Client\;C:\Program Files\Intel\iCLS Client\;C:\Windows\system32;C:\Windows;C:\Windows\System32\Wbem;C:\Windows\System32\WindowsPowerShell\v1.0\;C:\Program Files\Intel\Intel(R) Management Engine Components\DAL;C:\Program Files\Intel\Intel(R) Management Engine Components\IPT;C:\Program Files (x86)\Intel\Intel(R) Management Engine Components\DAL;C:\Program Files (x86)\Intel\Intel(R) Management Engine Components\IPT;C:\Program Files (x86)\Common Files\lenovo\easyplussdk\bin;C:\Program Files (x86)\OneScript\\bin;C:\Program Files (x86)\LM4\;C:\Program Files\LM4\;C:\Users\vlsv__000\AppData\Local\Microsoft\WindowsApps;C:\Users\vlsv__000\AppData\Local\Programs\Git\cmd
USERNAME=vlsv__000
OS=Windows_NT
PROCESSOR_IDENTIFIER=Intel64 Family 6 Model 60 Stepping 3, GenuineIntel



---------------  S Y S T E M  ---------------

OS: Windows 10.0 , 64 bit Build 16299 (10.0.16299.431)

CPU:total 4 (initial active 4) (2 cores per cpu, 2 threads per core) family 6 model 60 stepping 3, cmov, cx8, fxsr, mmx, sse, sse2, sse3, ssse3, sse4.1, sse4.2, popcnt, avx, avx2, aes, clmul, erms, lzcnt, ht, tsc, tscinvbit, bmi1, bmi2

Memory: 4k page, physical 8257456k(374104k free), swap 12353456k(16360k free)

vm_info: OpenJDK 64-Bit Server VM (25.152-b01) for windows-amd64 JRE (1.8.0_152-release-1248-b01), built by "builder" with MS VC++ 10.0 (VS2010)

time: Fri Feb 08 15:39:26 2019
elapsed time: 2455 seconds (0d 0h 40m 55s)

