#
# There is insufficient memory for the Java Runtime Environment to continue.
# Native memory allocation (malloc) failed to allocate 248736 bytes for Chunk::new
# Possible reasons:
#   The system is out of physical RAM or swap space
#   In 32 bit mode, the process size limit was hit
# Possible solutions:
#   Reduce memory load on the system
#   Increase physical memory or swap space
#   Check if swap backing store is full
#   Use 64 bit Java on a 64 bit OS
#   Decrease Java heap size (-Xmx/-Xms)
#   Decrease number of Java threads
#   Decrease Java thread stack sizes (-Xss)
#   Set larger code cache with -XX:ReservedCodeCacheSize=
# This output file may be truncated or incomplete.
#
#  Out of Memory Error (allocation.cpp:390), pid=7820, tid=0x0000000000003468
#
# JRE version: OpenJDK Runtime Environment (8.0_152-b06) (build 1.8.0_152-release-1136-b06)
# Java VM: OpenJDK 64-Bit Server VM (25.152-b06 mixed mode windows-amd64 compressed oops)
# Failed to write core dump. Minidumps are not enabled by default on client versions of Windows
#

---------------  T H R E A D  ---------------

Current thread (0x00000000189fc000):  JavaThread "C2 CompilerThread0" daemon [_thread_in_native, id=13416, stack(0x000000001a150000,0x000000001a250000)]

Stack: [0x000000001a150000,0x000000001a250000]
[error occurred during error reporting (printing stack bounds), id 0xc0000005]

Native frames: (J=compiled Java code, j=interpreted, Vv=VM code, C=native code)


Current CompileTask:
C2:    932  723  s    4       sun.misc.URLClassPath::getNextLoader (88 bytes)


---------------  P R O C E S S  ---------------

Java Threads: ( => current thread )
  0x000000001acba000 JavaThread "RMI RenewClean-[127.0.0.1:61086,org.jetbrains.kotlin.daemon.common.LoopbackNetworkInterface$ClientLoopbackSocketFactory@5197952e]" daemon [_thread_blocked, id=11728, stack(0x000000001c0d0000,0x000000001c1d0000)]
  0x000000001ac96000 JavaThread "RMI TCP Connection(2)-127.0.0.1" daemon [_thread_in_native, id=9996, stack(0x000000001bfd0000,0x000000001c0d0000)]
  0x000000001aca8800 JavaThread "RMI Scheduler(0)" daemon [_thread_blocked, id=13064, stack(0x000000001bed0000,0x000000001bfd0000)]
  0x000000001aca0800 JavaThread "RMI TCP Connection(1)-127.0.0.1" daemon [_thread_in_native, id=3088, stack(0x000000001bdd0000,0x000000001bed0000)]
  0x0000000004f92800 JavaThread "DestroyJavaVM" [_thread_blocked, id=11120, stack(0x0000000004de0000,0x0000000004ee0000)]
  0x000000001ac03800 JavaThread "GC Daemon" daemon [_thread_blocked, id=2968, stack(0x000000001b990000,0x000000001ba90000)]
  0x000000001ac05000 JavaThread "RMI Reaper" [_thread_blocked, id=6320, stack(0x000000001b890000,0x000000001b990000)]
  0x000000001ac5f000 JavaThread "Thread-2" daemon [_thread_in_native, id=17652, stack(0x000000001b790000,0x000000001b890000)]
  0x000000001abec000 JavaThread "Timer-0" daemon [_thread_blocked, id=11148, stack(0x000000001b690000,0x000000001b790000)]
  0x000000001abe1800 JavaThread "RMI TCP Accept-17569" daemon [_thread_in_native, id=4036, stack(0x000000001b590000,0x000000001b690000)]
  0x0000000018a5e800 JavaThread "Service Thread" daemon [_thread_blocked, id=5948, stack(0x000000001a850000,0x000000001a950000)]
  0x0000000018a03000 JavaThread "C1 CompilerThread2" daemon [_thread_in_vm, id=6764, stack(0x000000001a350000,0x000000001a450000)]
  0x00000000189ff800 JavaThread "C2 CompilerThread1" daemon [_thread_in_native, id=5996, stack(0x000000001a250000,0x000000001a350000)]
=>0x00000000189fc000 JavaThread "C2 CompilerThread0" daemon [_thread_in_native, id=13416, stack(0x000000001a150000,0x000000001a250000)]
  0x00000000189fb000 JavaThread "Attach Listener" daemon [_thread_blocked, id=14928, stack(0x000000001a050000,0x000000001a150000)]
  0x0000000018a07800 JavaThread "Signal Dispatcher" daemon [_thread_blocked, id=11048, stack(0x0000000019f50000,0x000000001a050000)]
  0x00000000189e8800 JavaThread "Finalizer" daemon [_thread_blocked, id=4292, stack(0x0000000019c50000,0x0000000019d50000)]
  0x0000000005082800 JavaThread "Reference Handler" daemon [_thread_blocked, id=15724, stack(0x0000000019b50000,0x0000000019c50000)]

Other Threads:
  0x00000000189c6800 VMThread [stack: 0x0000000019a50000,0x0000000019b50000] [id=15004]
  0x000000001a479800 WatcherThread [stack: 0x000000001a950000,0x000000001aa50000] [id=3556]

VM state:not at safepoint (normal execution)

VM Mutex/Monitor currently owned by a thread: None

Heap:
 PSYoungGen      total 37888K, used 7921K [0x00000000e0000000, 0x00000000e2a00000, 0x0000000100000000)
  eden space 32768K, 24% used [0x00000000e0000000,0x00000000e07bc720,0x00000000e2000000)
  from space 5120K, 0% used [0x00000000e2000000,0x00000000e2000000,0x00000000e2500000)
  to   space 5120K, 0% used [0x00000000e2500000,0x00000000e2500000,0x00000000e2a00000)
 ParOldGen       total 86016K, used 2692K [0x00000000a0000000, 0x00000000a5400000, 0x00000000e0000000)
  object space 86016K, 3% used [0x00000000a0000000,0x00000000a02a13a0,0x00000000a5400000)
 Metaspace       used 10223K, capacity 10392K, committed 10496K, reserved 1058816K
  class space    used 1107K, capacity 1186K, committed 1280K, reserved 1048576K

Card table byte_map: [0x0000000014450000,0x0000000014760000] byte_map_base: 0x0000000013f50000

Marking Bits: (ParMarkBitMap*) 0x00000000642c5aa0
 Begin Bits: [0x0000000014d60000, 0x0000000016560000)
 End Bits:   [0x0000000016560000, 0x0000000017d60000)

Polling page: 0x0000000003120000

CodeCache: size=245760Kb used=2699Kb max_used=2699Kb free=243060Kb
 bounds [0x0000000005090000, 0x0000000005340000, 0x0000000014090000]
 total_blobs=1106 nmethods=735 adapters=285
 compilation: enabled

Compilation events (10 events):
Event: 0.922 Thread 0x0000000018a03000 nmethod 724 0x0000000005329710 code [0x0000000005329880, 0x0000000005329a08]
Event: 0.926 Thread 0x0000000018a03000  726       3       java.lang.Throwable::<init> (39 bytes)
Event: 0.926 Thread 0x0000000018a03000 nmethod 726 0x0000000005329ad0 code [0x0000000005329c60, 0x000000000532a208]
Event: 0.927 Thread 0x0000000018a03000  727       3       java.net.URLStreamHandler::setURL (40 bytes)
Event: 0.927 Thread 0x0000000018a03000 nmethod 727 0x000000000532a350 code [0x000000000532a4e0, 0x000000000532a8d8]
Event: 0.927 Thread 0x0000000018a03000  728   !   3       java.net.URL::set (114 bytes)
Event: 0.928 Thread 0x0000000018a03000 nmethod 728 0x000000000532aa90 code [0x000000000532ac80, 0x000000000532b7b8]
Event: 0.928 Thread 0x0000000018a03000  729       3       sun.net.www.protocol.jar.Handler::indexOfBangSlash (52 bytes)
Event: 0.929 Thread 0x0000000018a03000 nmethod 729 0x000000000532bdd0 code [0x000000000532bf80, 0x000000000532c678]
Event: 0.929 Thread 0x0000000018a03000  730       3       sun.net.www.ParseUtil::canonizeString (195 bytes)

GC Heap History (4 events):
Event: 0.593 GC heap before
{Heap before GC invocations=1 (full 0):
 PSYoungGen      total 37888K, used 14547K [0x00000000e0000000, 0x00000000e2a00000, 0x0000000100000000)
  eden space 32768K, 44% used [0x00000000e0000000,0x00000000e0e34da8,0x00000000e2000000)
  from space 5120K, 0% used [0x00000000e2500000,0x00000000e2500000,0x00000000e2a00000)
  to   space 5120K, 0% used [0x00000000e2000000,0x00000000e2000000,0x00000000e2500000)
 ParOldGen       total 86016K, used 0K [0x00000000a0000000, 0x00000000a5400000, 0x00000000e0000000)
  object space 86016K, 0% used [0x00000000a0000000,0x00000000a0000000,0x00000000a5400000)
 Metaspace       used 9013K, capacity 9174K, committed 9216K, reserved 1056768K
  class space    used 958K, capacity 1023K, committed 1024K, reserved 1048576K
Event: 0.597 GC heap after
Heap after GC invocations=1 (full 0):
 PSYoungGen      total 37888K, used 2842K [0x00000000e0000000, 0x00000000e2a00000, 0x0000000100000000)
  eden space 32768K, 0% used [0x00000000e0000000,0x00000000e0000000,0x00000000e2000000)
  from space 5120K, 55% used [0x00000000e2000000,0x00000000e22c6810,0x00000000e2500000)
  to   space 5120K, 0% used [0x00000000e2500000,0x00000000e2500000,0x00000000e2a00000)
 ParOldGen       total 86016K, used 8K [0x00000000a0000000, 0x00000000a5400000, 0x00000000e0000000)
  object space 86016K, 0% used [0x00000000a0000000,0x00000000a0002000,0x00000000a5400000)
 Metaspace       used 9013K, capacity 9174K, committed 9216K, reserved 1056768K
  class space    used 958K, capacity 1023K, committed 1024K, reserved 1048576K
}
Event: 0.597 GC heap before
{Heap before GC invocations=2 (full 1):
 PSYoungGen      total 37888K, used 2842K [0x00000000e0000000, 0x00000000e2a00000, 0x0000000100000000)
  eden space 32768K, 0% used [0x00000000e0000000,0x00000000e0000000,0x00000000e2000000)
  from space 5120K, 55% used [0x00000000e2000000,0x00000000e22c6810,0x00000000e2500000)
  to   space 5120K, 0% used [0x00000000e2500000,0x00000000e2500000,0x00000000e2a00000)
 ParOldGen       total 86016K, used 8K [0x00000000a0000000, 0x00000000a5400000, 0x00000000e0000000)
  object space 86016K, 0% used [0x00000000a0000000,0x00000000a0002000,0x00000000a5400000)
 Metaspace       used 9013K, capacity 9174K, committed 9216K, reserved 1056768K
  class space    used 958K, capacity 1023K, committed 1024K, reserved 1048576K
Event: 0.607 GC heap after
Heap after GC invocations=2 (full 1):
 PSYoungGen      total 37888K, used 0K [0x00000000e0000000, 0x00000000e2a00000, 0x0000000100000000)
  eden space 32768K, 0% used [0x00000000e0000000,0x00000000e0000000,0x00000000e2000000)
  from space 5120K, 0% used [0x00000000e2000000,0x00000000e2000000,0x00000000e2500000)
  to   space 5120K, 0% used [0x00000000e2500000,0x00000000e2500000,0x00000000e2a00000)
 ParOldGen       total 86016K, used 2692K [0x00000000a0000000, 0x00000000a5400000, 0x00000000e0000000)
  object space 86016K, 3% used [0x00000000a0000000,0x00000000a02a13a0,0x00000000a5400000)
 Metaspace       used 9013K, capacity 9174K, committed 9216K, reserved 1056768K
  class space    used 958K, capacity 1023K, committed 1024K, reserved 1048576K
}

Deoptimization events (2 events):
Event: 0.882 Thread 0x000000001ac96000 Uncommon trap: reason=class_check action=maybe_recompile pc=0x00000000052f6604 method=java.io.FilterInputStream.read([B)I @ 5
Event: 0.882 Thread 0x000000001ac96000 Uncommon trap: reason=class_check action=maybe_recompile pc=0x00000000052f6604 method=java.io.FilterInputStream.read([B)I @ 5

Classes redefined (0 events):
No events

Internal exceptions (10 events):
Event: 0.505 Thread 0x0000000004f92800 Exception <a 'java/lang/NoSuchFieldError': method resolution failed> (0x00000000e0a51e98) thrown at [D:\src\AOSP-openjdk-cygwin\jdk8u\hotspot\src\share\vm\prims\methodHandles.cpp, line 1167]
Event: 0.624 Thread 0x0000000004f92800 Exception <a 'java/io/IOException'> (0x00000000e002fc30) thrown at [D:\src\AOSP-openjdk-cygwin\jdk8u\hotspot\src\share\vm\prims\jni.cpp, line 709]
Event: 0.683 Thread 0x000000001aca0800 Exception <a 'java/lang/NoSuchMethodError': <clinit>> (0x00000000e03a5540) thrown at [D:\src\AOSP-openjdk-cygwin\jdk8u\hotspot\src\share\vm\prims\jni.cpp, line 1613]
Event: 0.740 Thread 0x000000001ac96000 Exception <a 'java/lang/NoSuchMethodError': <clinit>> (0x00000000e0435978) thrown at [D:\src\AOSP-openjdk-cygwin\jdk8u\hotspot\src\share\vm\prims\jni.cpp, line 1613]
Event: 0.756 Thread 0x000000001ac96000 Exception <a 'java/lang/NoSuchMethodError': <clinit>> (0x00000000e044ac90) thrown at [D:\src\AOSP-openjdk-cygwin\jdk8u\hotspot\src\share\vm\prims\jni.cpp, line 1613]
Event: 0.756 Thread 0x000000001ac96000 Exception <a 'java/lang/NoSuchMethodError': <clinit>> (0x00000000e044c948) thrown at [D:\src\AOSP-openjdk-cygwin\jdk8u\hotspot\src\share\vm\prims\jni.cpp, line 1613]
Event: 0.758 Thread 0x000000001ac96000 Exception <a 'java/lang/NoSuchMethodError': <clinit>> (0x00000000e0457278) thrown at [D:\src\AOSP-openjdk-cygwin\jdk8u\hotspot\src\share\vm\prims\jni.cpp, line 1613]
Event: 0.774 Thread 0x000000001ac96000 Exception <a 'java/lang/NoSuchMethodError': <clinit>> (0x00000000e0482278) thrown at [D:\src\AOSP-openjdk-cygwin\jdk8u\hotspot\src\share\vm\prims\jni.cpp, line 1613]
Event: 0.887 Thread 0x000000001ac96000 Exception <a 'java/lang/NoSuchMethodError': <clinit>> (0x00000000e0647d70) thrown at [D:\src\AOSP-openjdk-cygwin\jdk8u\hotspot\src\share\vm\prims\jni.cpp, line 1613]
Event: 0.894 Thread 0x000000001acba000 Exception <a 'java/lang/InterruptedException'> (0x00000000e0662628) thrown at [D:\src\AOSP-openjdk-cygwin\jdk8u\hotspot\src\share\vm\runtime\objectMonitor.cpp, line 1684]

Events (10 events):
Event: 0.925 loading class org/jetbrains/kotlin/cli/common/CommonCompilerPerformanceManager
Event: 0.925 loading class org/jetbrains/kotlin/cli/common/CommonCompilerPerformanceManager done
Event: 0.926 loading class org/jetbrains/kotlin/util/PerformanceCounter
Event: 0.926 loading class org/jetbrains/kotlin/util/PerformanceCounter done
Event: 0.927 loading class org/jetbrains/kotlin/util/PerformanceCounter$Companion
Event: 0.927 loading class org/jetbrains/kotlin/util/PerformanceCounter$Companion done
Event: 0.928 loading class org/jetbrains/kotlin/cli/common/arguments/K2JVMCompilerArguments
Event: 0.928 loading class org/jetbrains/kotlin/cli/common/arguments/K2JVMCompilerArguments done
Event: 0.929 loading class org/jetbrains/kotlin/cli/common/arguments/CommonCompilerArguments
Event: 0.929 loading class org/jetbrains/kotlin/cli/common/arguments/CommonCompilerArguments done


Dynamic libraries:
0x00007ff7a5c80000 - 0x00007ff7a5cb1000 	C:\Program Files\Android\Android Studio\jre\jre\bin\java.exe
0x00007ffd3d5f0000 - 0x00007ffd3d7d0000 	C:\Windows\SYSTEM32\ntdll.dll
0x00007ffd3ac70000 - 0x00007ffd3ad1e000 	C:\Windows\System32\KERNEL32.DLL
0x00007ffd39af0000 - 0x00007ffd39d56000 	C:\Windows\System32\KERNELBASE.dll
0x00007ffd3bb20000 - 0x00007ffd3bbc1000 	C:\Windows\System32\ADVAPI32.dll
0x00007ffd3b500000 - 0x00007ffd3b59d000 	C:\Windows\System32\msvcrt.dll
0x00007ffd3be20000 - 0x00007ffd3be7b000 	C:\Windows\System32\sechost.dll
0x00007ffd3bc50000 - 0x00007ffd3bd6f000 	C:\Windows\System32\RPCRT4.dll
0x00007ffd3bff0000 - 0x00007ffd3c17f000 	C:\Windows\System32\USER32.dll
0x00007ffd3a7a0000 - 0x00007ffd3a7c0000 	C:\Windows\System32\win32u.dll
0x00007ffd3ac40000 - 0x00007ffd3ac68000 	C:\Windows\System32\GDI32.dll
0x00007ffd3a810000 - 0x00007ffd3a9a3000 	C:\Windows\System32\gdi32full.dll
0x00007ffd3a530000 - 0x00007ffd3a5cb000 	C:\Windows\System32\msvcp_win.dll
0x00007ffd399f0000 - 0x00007ffd39ae5000 	C:\Windows\System32\ucrtbase.dll
0x00007ffd28530000 - 0x00007ffd28799000 	C:\Windows\WinSxS\amd64_microsoft.windows.common-controls_6595b64144ccf1df_6.0.16299.665_none_15cbd8769361ff10\COMCTL32.dll
0x00007ffd3b5a0000 - 0x00007ffd3b8a7000 	C:\Windows\System32\combase.dll
0x00007ffd39d60000 - 0x00007ffd39dd2000 	C:\Windows\System32\bcryptPrimitives.dll
0x00007ffd3b170000 - 0x00007ffd3b19d000 	C:\Windows\System32\IMM32.DLL
0x0000000064490000 - 0x0000000064562000 	C:\Program Files\Android\Android Studio\jre\jre\bin\msvcr100.dll
0x0000000063b00000 - 0x0000000064341000 	C:\Program Files\Android\Android Studio\jre\jre\bin\server\jvm.dll
0x00007ffd3b420000 - 0x00007ffd3b428000 	C:\Windows\System32\PSAPI.DLL
0x00007ffd37ca0000 - 0x00007ffd37cc3000 	C:\Windows\SYSTEM32\WINMM.dll
0x00007ffd267e0000 - 0x00007ffd267e9000 	C:\Windows\SYSTEM32\WSOCK32.dll
0x00007ffd282c0000 - 0x00007ffd282ca000 	C:\Windows\SYSTEM32\VERSION.dll
0x00007ffd3aac0000 - 0x00007ffd3ab2c000 	C:\Windows\System32\WS2_32.dll
0x00007ffd37c70000 - 0x00007ffd37c9a000 	C:\Windows\SYSTEM32\winmmbase.dll
0x00007ffd3a7c0000 - 0x00007ffd3a80a000 	C:\Windows\System32\cfgmgr32.dll
0x00007ffd26730000 - 0x00007ffd2673f000 	C:\Program Files\Android\Android Studio\jre\jre\bin\verify.dll
0x00007ffd0b870000 - 0x00007ffd0b899000 	C:\Program Files\Android\Android Studio\jre\jre\bin\java.dll
0x00007ffd26590000 - 0x00007ffd265a6000 	C:\Program Files\Android\Android Studio\jre\jre\bin\zip.dll
0x00007ffd3c180000 - 0x00007ffd3d5b8000 	C:\Windows\System32\SHELL32.dll
0x00007ffd3b450000 - 0x00007ffd3b4f6000 	C:\Windows\System32\shcore.dll
0x00007ffd39de0000 - 0x00007ffd3a527000 	C:\Windows\System32\windows.storage.dll
0x00007ffd3ba00000 - 0x00007ffd3ba51000 	C:\Windows\System32\shlwapi.dll
0x00007ffd39940000 - 0x00007ffd39951000 	C:\Windows\System32\kernel.appcore.dll
0x00007ffd39980000 - 0x00007ffd399cc000 	C:\Windows\System32\powrprof.dll
0x00007ffd399d0000 - 0x00007ffd399eb000 	C:\Windows\System32\profapi.dll
0x00007ffd266f0000 - 0x00007ffd266fd000 	C:\Program Files\Android\Android Studio\jre\jre\bin\management.dll
0x00007ffd142d0000 - 0x00007ffd142ea000 	C:\Program Files\Android\Android Studio\jre\jre\bin\net.dll
0x00007ffd39170000 - 0x00007ffd391d6000 	C:\Windows\system32\mswsock.dll
0x00007ffd0ff70000 - 0x00007ffd0ff81000 	C:\Program Files\Android\Android Studio\jre\jre\bin\nio.dll
0x00007ffd39340000 - 0x00007ffd39357000 	C:\Windows\SYSTEM32\CRYPTSP.dll
0x00007ffd38d70000 - 0x00007ffd38da3000 	C:\Windows\system32\rsaenh.dll
0x00007ffd394a0000 - 0x00007ffd394c5000 	C:\Windows\SYSTEM32\bcrypt.dll
0x00007ffd39870000 - 0x00007ffd39899000 	C:\Windows\SYSTEM32\USERENV.dll
0x00007ffd39330000 - 0x00007ffd3933b000 	C:\Windows\SYSTEM32\CRYPTBASE.dll
0x00007ffd38f00000 - 0x00007ffd38f39000 	C:\Windows\SYSTEM32\IPHLPAPI.DLL
0x00007ffd3b340000 - 0x00007ffd3b348000 	C:\Windows\System32\NSI.dll
0x00007ffd2fff0000 - 0x00007ffd30006000 	C:\Windows\SYSTEM32\dhcpcsvc6.DLL
0x00007ffd2ffd0000 - 0x00007ffd2ffea000 	C:\Windows\SYSTEM32\dhcpcsvc.DLL

VM Arguments:
jvm_args: -Djava.awt.headless=true -Djava.rmi.server.hostname=127.0.0.1 -Xmx1536m -Dkotlin.environment.keepalive 
java_command: org.jetbrains.kotlin.daemon.KotlinCompileDaemon --daemon-runFilesPath C:\Users\vlsv__000\AppData\Local\kotlin\daemon --daemon-autoshutdownIdleSeconds=7200 --daemon-compilerClasspath C:\Users\vlsv__000\.gradle\caches\modules-2\files-2.1\org.jetbrains.kotlin\kotlin-compiler-embeddable\1.3.11\a8db6c14f8b8ed74aa11b8379f961587b639c571\kotlin-compiler-embeddable-1.3.11.jar;C:\Users\vlsv__000\.gradle\caches\modules-2\files-2.1\org.jetbrains.kotlin\kotlin-reflect\1.3.11\aae7b33412715e9ed441934c4ffaad1bb80e9d36\kotlin-reflect-1.3.11.jar;C:\Users\vlsv__000\.gradle\caches\modules-2\files-2.1\org.jetbrains.kotlin\kotlin-stdlib\1.3.11\4cbc5922a54376018307a731162ccaf3ef851a39\kotlin-stdlib-1.3.11.jar;C:\Users\vlsv__000\.gradle\caches\modules-2\files-2.1\org.jetbrains.kotlin\kotlin-script-runtime\1.3.11\1ef3a816aeacb9cd051b3ed37e2abf88910f1503\kotlin-script-runtime-1.3.11.jar;C:\Users\vlsv__000\.gradle\caches\modules-2\files-2.1\org.jetbrains.kotlin\kotlin-stdlib-common\1.3.11\d8b8e746e279f1c4f5e08bc14a96b82e6bb1de02\kotlin-stdlib-common-1.3.11.jar;C:\Users\vlsv__000\.gradle\caches\modules-2\files-2.1\org.jetbrains\annotations\13.0\919f0dfe192fb4e063e7dacadee7f8bb9a2672a9\annotations-13.0.jar;C:\Program Files\Android\Android Studio\jre\lib\tools.jar
java_class_path (initial): C:\Users\vlsv__000\.gradle\caches\modules-2\files-2.1\org.jetbrains.kotlin\kotlin-compiler-embeddable\1.3.11\a8db6c14f8b8ed74aa11b8379f961587b639c571\kotlin-compiler-embeddable-1.3.11.jar;C:\Users\vlsv__000\.gradle\caches\modules-2\files-2.1\org.jetbrains.kotlin\kotlin-reflect\1.3.11\aae7b33412715e9ed441934c4ffaad1bb80e9d36\kotlin-reflect-1.3.11.jar;C:\Users\vlsv__000\.gradle\caches\modules-2\files-2.1\org.jetbrains.kotlin\kotlin-stdlib\1.3.11\4cbc5922a54376018307a731162ccaf3ef851a39\kotlin-stdlib-1.3.11.jar;C:\Users\vlsv__000\.gradle\caches\modules-2\files-2.1\org.jetbrains.kotlin\kotlin-script-runtime\1.3.11\1ef3a816aeacb9cd051b3ed37e2abf88910f1503\kotlin-script-runtime-1.3.11.jar;C:\Users\vlsv__000\.gradle\caches\modules-2\files-2.1\org.jetbrains.kotlin\kotlin-stdlib-common\1.3.11\d8b8e746e279f1c4f5e08bc14a96b82e6bb1de02\kotlin-stdlib-common-1.3.11.jar;C:\Users\vlsv__000\.gradle\caches\modules-2\files-2.1\org.jetbrains\annotations\13.0\919f0dfe192fb4e063e7dacadee7f8bb9a2672a9\annotations-13.0.jar;C:\Program Files\Android\Android Studio\jre\lib\tools.jar
Launcher Type: SUN_STANDARD

Environment Variables:
PATH=C:\ProgramData\Oracle\Java\javapath;C:\Program Files (x86)\NVIDIA Corporation\PhysX\Common;C:\Program Files (x86)\Intel\iCLS Client\;C:\Program Files\Intel\iCLS Client\;C:\Windows\system32;C:\Windows;C:\Windows\System32\Wbem;C:\Windows\System32\WindowsPowerShell\v1.0\;C:\Program Files\Intel\Intel(R) Management Engine Components\DAL;C:\Program Files\Intel\Intel(R) Management Engine Components\IPT;C:\Program Files (x86)\Intel\Intel(R) Management Engine Components\DAL;C:\Program Files (x86)\Intel\Intel(R) Management Engine Components\IPT;C:\Program Files (x86)\Common Files\lenovo\easyplussdk\bin;C:\Program Files (x86)\OneScript\\bin;C:\Program Files (x86)\LM4\;C:\Program Files\LM4\;C:\Users\vlsv__000\AppData\Local\Microsoft\WindowsApps;C:\Users\vlsv__000\AppData\Local\Programs\Git\cmd
USERNAME=vlsv__000
OS=Windows_NT
PROCESSOR_IDENTIFIER=Intel64 Family 6 Model 60 Stepping 3, GenuineIntel



---------------  S Y S T E M  ---------------

OS: Windows 10.0 , 64 bit Build 16299 (10.0.16299.431)

CPU:total 4 (initial active 4) (2 cores per cpu, 2 threads per core) family 6 model 60 stepping 3, cmov, cx8, fxsr, mmx, sse, sse2, sse3, ssse3, sse4.1, sse4.2, popcnt, avx, avx2, aes, clmul, erms, lzcnt, ht, tsc, tscinvbit, bmi1, bmi2

Memory: 4k page, physical 8257456k(851892k free), swap 12353456k(4332k free)

vm_info: OpenJDK 64-Bit Server VM (25.152-b06) for windows-amd64 JRE (1.8.0_152-release-1136-b06), built by "builder" with MS VC++ 10.0 (VS2010)

time: Fri Feb 08 14:34:05 2019
elapsed time: 0 seconds (0d 0h 0m 0s)

